Cost-Ratio Heuristic: found solution Solution: cost=[-181.58], size=[49], elements={0, 1, 2, 3, 4, 5, 6, 7, 8, 9, 10, 11, 12, 13, 14, 15, 17, 18, 19, 20, 21, 22, 23, 24, 25, 26, 27, 28, 29, 30, 31, 32, 33, 34, 35, 36, 37, 38, 39, 40, 41, 42, 43, 44, 45, 46, 47, 48, 49}
No improving move found, taking least bad move: (0, 4), solution cost: -118.66
(Iter. 0) best_sol = Solution: cost=[-118.66], size=[48], elements={0, 1, 2, 3, 5, 6, 7, 8, 9, 10, 11, 12, 13, 14, 15, 17, 18, 19, 20, 21, 22, 23, 24, 25, 26, 27, 28, 29, 30, 31, 32, 33, 34, 35, 36, 37, 38, 39, 40, 41, 42, 43, 44, 45, 46, 47, 48, 49}
No improving move found, taking least bad move: (0, 24), solution cost: -62.99
(Iter. 1) best_sol = Solution: cost=[-62.99], size=[47], elements={0, 1, 2, 3, 5, 6, 7, 8, 9, 10, 11, 12, 13, 14, 15, 17, 18, 19, 20, 21, 22, 23, 25, 26, 27, 28, 29, 30, 31, 32, 33, 34, 35, 36, 37, 38, 39, 40, 41, 42, 43, 44, 45, 46, 47, 48, 49}
No improving move found, taking least bad move: (0, 23), solution cost: -9.18
(Iter. 2) best_sol = Solution: cost=[-9.18], size=[46], elements={0, 1, 2, 3, 5, 6, 7, 8, 9, 10, 11, 12, 13, 14, 15, 17, 18, 19, 20, 21, 22, 25, 26, 27, 28, 29, 30, 31, 32, 33, 34, 35, 36, 37, 38, 39, 40, 41, 42, 43, 44, 45, 46, 47, 48, 49}
No improving move found, taking least bad move: (0, 6), solution cost: 37.83
(Iter. 3) best_sol = Solution: cost=[37.83], size=[45], elements={0, 1, 2, 3, 5, 7, 8, 9, 10, 11, 12, 13, 14, 15, 17, 18, 19, 20, 21, 22, 25, 26, 27, 28, 29, 30, 31, 32, 33, 34, 35, 36, 37, 38, 39, 40, 41, 42, 43, 44, 45, 46, 47, 48, 49}
No improving move found, taking least bad move: (0, 12), solution cost: 87.16
(Iter. 4) best_sol = Solution: cost=[87.16], size=[44], elements={0, 1, 2, 3, 5, 7, 8, 9, 10, 11, 13, 14, 15, 17, 18, 19, 20, 21, 22, 25, 26, 27, 28, 29, 30, 31, 32, 33, 34, 35, 36, 37, 38, 39, 40, 41, 42, 43, 44, 45, 46, 47, 48, 49}
No improving move found, taking least bad move: (0, 5), solution cost: 124.88
(Iter. 5) best_sol = Solution: cost=[124.88], size=[43], elements={0, 1, 2, 3, 7, 8, 9, 10, 11, 13, 14, 15, 17, 18, 19, 20, 21, 22, 25, 26, 27, 28, 29, 30, 31, 32, 33, 34, 35, 36, 37, 38, 39, 40, 41, 42, 43, 44, 45, 46, 47, 48, 49}
No improving move found, taking least bad move: (0, 14), solution cost: 159.84
(Iter. 6) best_sol = Solution: cost=[159.84], size=[42], elements={0, 1, 2, 3, 7, 8, 9, 10, 11, 13, 15, 17, 18, 19, 20, 21, 22, 25, 26, 27, 28, 29, 30, 31, 32, 33, 34, 35, 36, 37, 38, 39, 40, 41, 42, 43, 44, 45, 46, 47, 48, 49}
No improving move found, taking least bad move: (0, 39), solution cost: 190.78
(Iter. 7) best_sol = Solution: cost=[190.78], size=[41], elements={0, 1, 2, 3, 7, 8, 9, 10, 11, 13, 15, 17, 18, 19, 20, 21, 22, 25, 26, 27, 28, 29, 30, 31, 32, 33, 34, 35, 36, 37, 38, 40, 41, 42, 43, 44, 45, 46, 47, 48, 49}
No improving move found, taking least bad move: (0, 37), solution cost: 208.38
(Iter. 8) best_sol = Solution: cost=[208.38], size=[40], elements={0, 1, 2, 3, 7, 8, 9, 10, 11, 13, 15, 17, 18, 19, 20, 21, 22, 25, 26, 27, 28, 29, 30, 31, 32, 33, 34, 35, 36, 38, 40, 41, 42, 43, 44, 45, 46, 47, 48, 49}
No improving move found, taking least bad move: (0, 18), solution cost: 224.52
(Iter. 9) best_sol = Solution: cost=[224.52], size=[39], elements={0, 1, 2, 3, 7, 8, 9, 10, 11, 13, 15, 17, 19, 20, 21, 22, 25, 26, 27, 28, 29, 30, 31, 32, 33, 34, 35, 36, 38, 40, 41, 42, 43, 44, 45, 46, 47, 48, 49}
No improving move found, taking least bad move: (0, 41), solution cost: 237.20
(Iter. 10) best_sol = Solution: cost=[237.20], size=[38], elements={0, 1, 2, 3, 7, 8, 9, 10, 11, 13, 15, 17, 19, 20, 21, 22, 25, 26, 27, 28, 29, 30, 31, 32, 33, 34, 35, 36, 38, 40, 42, 43, 44, 45, 46, 47, 48, 49}
No improving move found, taking least bad move: (0, 28), solution cost: 247.04
(Iter. 11) best_sol = Solution: cost=[247.04], size=[37], elements={0, 1, 2, 3, 7, 8, 9, 10, 11, 13, 15, 17, 19, 20, 21, 22, 25, 26, 27, 29, 30, 31, 32, 33, 34, 35, 36, 38, 40, 42, 43, 44, 45, 46, 47, 48, 49}
No improving move found, taking least bad move: (0, 43), solution cost: 255.98
(Iter. 12) best_sol = Solution: cost=[255.98], size=[36], elements={0, 1, 2, 3, 7, 8, 9, 10, 11, 13, 15, 17, 19, 20, 21, 22, 25, 26, 27, 29, 30, 31, 32, 33, 34, 35, 36, 38, 40, 42, 44, 45, 46, 47, 48, 49}
No improving move found, taking least bad move: (0, 1), solution cost: 264.23
(Iter. 13) best_sol = Solution: cost=[264.23], size=[35], elements={0, 2, 3, 7, 8, 9, 10, 11, 13, 15, 17, 19, 20, 21, 22, 25, 26, 27, 29, 30, 31, 32, 33, 34, 35, 36, 38, 40, 42, 44, 45, 46, 47, 48, 49}
No improving move found, taking least bad move: (0, 36), solution cost: 269.52
(Iter. 14) best_sol = Solution: cost=[269.52], size=[34], elements={0, 2, 3, 7, 8, 9, 10, 11, 13, 15, 17, 19, 20, 21, 22, 25, 26, 27, 29, 30, 31, 32, 33, 34, 35, 38, 40, 42, 44, 45, 46, 47, 48, 49}
No improving move found, taking least bad move: (-1, 0), solution cost: 277.98
(Iter. 15) best_sol = Solution: cost=[277.98], size=[33], elements={2, 3, 7, 8, 9, 10, 11, 13, 15, 17, 19, 20, 21, 22, 25, 26, 27, 29, 30, 31, 32, 33, 34, 35, 38, 40, 42, 44, 45, 46, 47, 48, 49}
No improving move found, taking least bad move: (2, 42), solution cost: 281.44
(Iter. 16) best_sol = Solution: cost=[281.44], size=[32], elements={2, 3, 7, 8, 9, 10, 11, 13, 15, 17, 19, 20, 21, 22, 25, 26, 27, 29, 30, 31, 32, 33, 34, 35, 38, 40, 44, 45, 46, 47, 48, 49}
No improving move found, taking least bad move: (2, 31), solution cost: 282.02
(Iter. 17) best_sol = Solution: cost=[282.02], size=[31], elements={2, 3, 7, 8, 9, 10, 11, 13, 15, 17, 19, 20, 21, 22, 25, 26, 27, 29, 30, 32, 33, 34, 35, 38, 40, 44, 45, 46, 47, 48, 49}
No improving move found, taking least bad move: (2, 44), solution cost: 282.43
(Iter. 18) best_sol = Solution: cost=[282.43], size=[30], elements={2, 3, 7, 8, 9, 10, 11, 13, 15, 17, 19, 20, 21, 22, 25, 26, 27, 29, 30, 32, 33, 34, 35, 38, 40, 45, 46, 47, 48, 49}
No improving move found, taking least bad move: (3, 48), solution cost: 282.43
No improvement in iteration 19. No improvement count: 1
No improving move found, taking least bad move: (44, -1), solution cost: 282.02
No improvement in iteration 20. No improvement count: 2
No improving move found, taking least bad move: (31, -1), solution cost: 281.85
No improvement in iteration 21. No improvement count: 3
No improving move found, taking least bad move: (7, 32), solution cost: 281.11
No improvement in iteration 22. No improvement count: 4
No improving move found, taking least bad move: (8, 21), solution cost: 279.20
No improvement in iteration 23. No improvement count: 5
No improving move found, taking least bad move: (42, -1), solution cost: 278.97
No improvement in iteration 24. No improvement count: 6
No improving move found, taking least bad move: (9, 15), solution cost: 278.25
No improvement in iteration 25. No improvement count: 7
No improving move found, taking least bad move: (10, 45), solution cost: 276.38
No improvement in iteration 26. No improvement count: 8
No improving move found, taking least bad move: (11, 29), solution cost: 273.02
No improvement in iteration 27. No improvement count: 9
No improving move found, taking least bad move: (43, -1), solution cost: 272.21
No improvement in iteration 28. No improvement count: 10
No improving move found, taking least bad move: (41, -1), solution cost: 270.29
No improvement in iteration 29. No improvement count: 11
No improving move found, taking least bad move: (13, 26), solution cost: 270.27
No improvement in iteration 30. No improvement count: 12
No improving move found, taking least bad move: (-1, 8), solution cost: 268.95
No improvement in iteration 31. No improvement count: 13
No improving move found, taking least bad move: (1, -1), solution cost: 268.66
No improvement in iteration 32. No improvement count: 14
No improving move found, taking least bad move: (36, -1), solution cost: 268.37
No improvement in iteration 33. No improvement count: 15
No improving move found, taking least bad move: (15, 34), solution cost: 267.39
No improvement in iteration 34. No improvement count: 16
No improving move found, taking least bad move: (37, -1), solution cost: 267.33
No improvement in iteration 35. No improvement count: 17
No improving move found, taking least bad move: (17, 40), solution cost: 264.05
No improvement in iteration 36. No improvement count: 18
No improving move found, taking least bad move: (18, -1), solution cost: 263.88
No improvement in iteration 37. No improvement count: 19
No improving move found, taking least bad move: (-1, 10), solution cost: 262.63
No improvement in iteration 38. No improvement count: 20
No improving move found, taking least bad move: (19, 30), solution cost: 262.41
No improvement in iteration 39. No improvement count: 21
No improving move found, taking least bad move: (-1, 20), solution cost: 260.56
No improvement in iteration 40. No improvement count: 22
No improving move found, taking least bad move: (23, -1), solution cost: 258.25
No improvement in iteration 41. No improvement count: 23
No improving move found, taking least bad move: (39, -1), solution cost: 257.69
No improvement in iteration 42. No improvement count: 24
No improving move found, taking least bad move: (28, -1), solution cost: 256.72
No improvement in iteration 43. No improvement count: 25
No improving move found, taking least bad move: (20, 27), solution cost: 253.34
No improvement in iteration 44. No improvement count: 26
No improving move found, taking least bad move: (21, 25), solution cost: 253.13
No improvement in iteration 45. No improvement count: 27
No improving move found, taking least bad move: (-1, 7), solution cost: 252.30
No improvement in iteration 46. No improvement count: 28
No improving move found, taking least bad move: (-1, 22), solution cost: 246.29
No improvement in iteration 47. No improvement count: 29
No improving move found, taking least bad move: (6, -1), solution cost: 245.86
No improvement in iteration 48. No improvement count: 30
No improving move found, taking least bad move: (5, -1), solution cost: 244.20
No improvement in iteration 49. No improvement count: 31
No improving move found, taking least bad move: (4, -1), solution cost: 242.37
No improvement in iteration 50. No improvement count: 32
No improving move found, taking least bad move: (14, -1), solution cost: 237.59
No improvement in iteration 51. No improvement count: 33
No improving move found, taking least bad move: (-1, 17), solution cost: 237.34
No improvement in iteration 52. No improvement count: 34
No improving move found, taking least bad move: (-1, 3), solution cost: 232.14
No improvement in iteration 53. No improvement count: 35
No improving move found, taking least bad move: (12, -1), solution cost: 230.75
No improvement in iteration 54. No improvement count: 36
No improving move found, taking least bad move: (24, -1), solution cost: 230.22
No improvement in iteration 55. No improvement count: 37
No improving move found, taking least bad move: (16, -1), solution cost: 213.78
No improvement in iteration 56. No improvement count: 38
No improving move found, taking least bad move: (-1, 2), solution cost: 211.76
No improvement in iteration 57. No improvement count: 39
No improving move found, taking least bad move: (-1, 9), solution cost: -inf
No improvement in iteration 58. No improvement count: 40
No improving move found, taking least bad move: (-1, 11), solution cost: -inf
No improvement in iteration 59. No improvement count: 41
No improving move found, taking least bad move: (-1, 13), solution cost: -inf
No improvement in iteration 60. No improvement count: 42
No improving move found, taking least bad move: (-1, 19), solution cost: -inf
No improvement in iteration 61. No improvement count: 43
No improving move found, taking least bad move: (22, 33), solution cost: -inf
No improvement in iteration 62. No improvement count: 44
No improving move found, taking least bad move: (25, 35), solution cost: -inf
No improvement in iteration 63. No improvement count: 45
No improving move found, taking least bad move: (26, 38), solution cost: -inf
No improvement in iteration 64. No improvement count: 46
No improving move found, taking least bad move: (27, 46), solution cost: -inf
No improvement in iteration 65. No improvement count: 47
No improving move found, taking least bad move: (29, 47), solution cost: -inf
No improvement in iteration 66. No improvement count: 48
No improving move found, taking least bad move: (30, 49), solution cost: -inf
No improvement in iteration 67. No improvement count: 49
Traceback (most recent call last):
  File "C:\Users\tonio\MO824\A3\MC859-A3-G03 - Copia (4)\main.py", line 55, in <module>
    main()
  File "C:\Users\tonio\MO824\A3\MC859-A3-G03 - Copia (4)\main.py", line 48, in main
    solution = solver.solve()
               ^^^^^^^^^^^^^^
  File "C:\Users\tonio\MO824\A3\MC859-A3-G03 - Copia (4)\TabuSearch\metaheuristics\AbstractTS.py", line 254, in solve
    self.neighborhood_move()
  File "C:\Users\tonio\MO824\A3\MC859-A3-G03 - Copia (4)\TabuSearch\metaheuristics\TS.py", line 302, in neighborhood_move
    best_candidate, move = self.local_search_best(neighborhood)
                           ^^^^^^^^^^^^^^^^^^^^^^^^^^^^^^^^^^^^
  File "C:\Users\tonio\MO824\A3\MC859-A3-G03 - Copia (4)\TabuSearch\metaheuristics\TS.py", line 238, in local_search_best
    print(f'No improving move found, taking least bad move: {move}, solution cost: {least_bad.cost if least_bad else "N/A":.2f}')
                                                                                   ^^^^^^^^^^^^^^^^^^^^^^^^^^^^^^^^^^^^^^^^^^^^
ValueError: Unknown format code 'f' for object of type 'str'

--- Finished in 7.38 seconds ---
