Cost-Ratio Heuristic: found solution Solution: cost=[804.16], size=[89], elements={0, 1, 2, 3, 4, 6, 7, 8, 9, 10, 11, 12, 13, 15, 16, 17, 18, 20, 22, 24, 25, 26, 27, 28, 29, 31, 33, 34, 35, 37, 39, 40, 41, 42, 43, 44, 45, 46, 47, 49, 50, 51, 52, 53, 54, 55, 56, 57, 58, 59, 60, 61, 62, 63, 64, 65, 66, 67, 68, 69, 70, 72, 73, 74, 75, 76, 77, 78, 79, 80, 81, 82, 83, 84, 85, 86, 87, 88, 89, 90, 91, 92, 93, 94, 95, 96, 97, 98, 99}
No improving move found, taking least bad move: (0, 29), solution cost: 866.03
(Iter. 0) best_sol = Solution: cost=[866.03], size=[88], elements={0, 1, 2, 3, 4, 6, 7, 8, 9, 10, 11, 12, 13, 15, 16, 17, 18, 20, 22, 24, 25, 26, 27, 28, 31, 33, 34, 35, 37, 39, 40, 41, 42, 43, 44, 45, 46, 47, 49, 50, 51, 52, 53, 54, 55, 56, 57, 58, 59, 60, 61, 62, 63, 64, 65, 66, 67, 68, 69, 70, 72, 73, 74, 75, 76, 77, 78, 79, 80, 81, 82, 83, 84, 85, 86, 87, 88, 89, 90, 91, 92, 93, 94, 95, 96, 97, 98, 99}
No improving move found, taking least bad move: (0, 4), solution cost: 905.91
(Iter. 1) best_sol = Solution: cost=[905.91], size=[87], elements={0, 1, 2, 3, 6, 7, 8, 9, 10, 11, 12, 13, 15, 16, 17, 18, 20, 22, 24, 25, 26, 27, 28, 31, 33, 34, 35, 37, 39, 40, 41, 42, 43, 44, 45, 46, 47, 49, 50, 51, 52, 53, 54, 55, 56, 57, 58, 59, 60, 61, 62, 63, 64, 65, 66, 67, 68, 69, 70, 72, 73, 74, 75, 76, 77, 78, 79, 80, 81, 82, 83, 84, 85, 86, 87, 88, 89, 90, 91, 92, 93, 94, 95, 96, 97, 98, 99}
No improving move found, taking least bad move: (0, 46), solution cost: 941.91
(Iter. 2) best_sol = Solution: cost=[941.91], size=[86], elements={0, 1, 2, 3, 6, 7, 8, 9, 10, 11, 12, 13, 15, 16, 17, 18, 20, 22, 24, 25, 26, 27, 28, 31, 33, 34, 35, 37, 39, 40, 41, 42, 43, 44, 45, 47, 49, 50, 51, 52, 53, 54, 55, 56, 57, 58, 59, 60, 61, 62, 63, 64, 65, 66, 67, 68, 69, 70, 72, 73, 74, 75, 76, 77, 78, 79, 80, 81, 82, 83, 84, 85, 86, 87, 88, 89, 90, 91, 92, 93, 94, 95, 96, 97, 98, 99}
No improving move found, taking least bad move: (0, 56), solution cost: 966.85
(Iter. 3) best_sol = Solution: cost=[966.85], size=[85], elements={0, 1, 2, 3, 6, 7, 8, 9, 10, 11, 12, 13, 15, 16, 17, 18, 20, 22, 24, 25, 26, 27, 28, 31, 33, 34, 35, 37, 39, 40, 41, 42, 43, 44, 45, 47, 49, 50, 51, 52, 53, 54, 55, 57, 58, 59, 60, 61, 62, 63, 64, 65, 66, 67, 68, 69, 70, 72, 73, 74, 75, 76, 77, 78, 79, 80, 81, 82, 83, 84, 85, 86, 87, 88, 89, 90, 91, 92, 93, 94, 95, 96, 97, 98, 99}
No improving move found, taking least bad move: (0, 78), solution cost: 982.89
(Iter. 4) best_sol = Solution: cost=[982.89], size=[84], elements={0, 1, 2, 3, 6, 7, 8, 9, 10, 11, 12, 13, 15, 16, 17, 18, 20, 22, 24, 25, 26, 27, 28, 31, 33, 34, 35, 37, 39, 40, 41, 42, 43, 44, 45, 47, 49, 50, 51, 52, 53, 54, 55, 57, 58, 59, 60, 61, 62, 63, 64, 65, 66, 67, 68, 69, 70, 72, 73, 74, 75, 76, 77, 79, 80, 81, 82, 83, 84, 85, 86, 87, 88, 89, 90, 91, 92, 93, 94, 95, 96, 97, 98, 99}
No improving move found, taking least bad move: (0, 51), solution cost: 998.57
(Iter. 5) best_sol = Solution: cost=[998.57], size=[83], elements={0, 1, 2, 3, 6, 7, 8, 9, 10, 11, 12, 13, 15, 16, 17, 18, 20, 22, 24, 25, 26, 27, 28, 31, 33, 34, 35, 37, 39, 40, 41, 42, 43, 44, 45, 47, 49, 50, 52, 53, 54, 55, 57, 58, 59, 60, 61, 62, 63, 64, 65, 66, 67, 68, 69, 70, 72, 73, 74, 75, 76, 77, 79, 80, 81, 82, 83, 84, 85, 86, 87, 88, 89, 90, 91, 92, 93, 94, 95, 96, 97, 98, 99}
No improving move found, taking least bad move: (0, 68), solution cost: 1013.99
(Iter. 6) best_sol = Solution: cost=[1013.99], size=[82], elements={0, 1, 2, 3, 6, 7, 8, 9, 10, 11, 12, 13, 15, 16, 17, 18, 20, 22, 24, 25, 26, 27, 28, 31, 33, 34, 35, 37, 39, 40, 41, 42, 43, 44, 45, 47, 49, 50, 52, 53, 54, 55, 57, 58, 59, 60, 61, 62, 63, 64, 65, 66, 67, 69, 70, 72, 73, 74, 75, 76, 77, 79, 80, 81, 82, 83, 84, 85, 86, 87, 88, 89, 90, 91, 92, 93, 94, 95, 96, 97, 98, 99}
No improving move found, taking least bad move: (0, 98), solution cost: 1028.00
(Iter. 7) best_sol = Solution: cost=[1028.00], size=[81], elements={0, 1, 2, 3, 6, 7, 8, 9, 10, 11, 12, 13, 15, 16, 17, 18, 20, 22, 24, 25, 26, 27, 28, 31, 33, 34, 35, 37, 39, 40, 41, 42, 43, 44, 45, 47, 49, 50, 52, 53, 54, 55, 57, 58, 59, 60, 61, 62, 63, 64, 65, 66, 67, 69, 70, 72, 73, 74, 75, 76, 77, 79, 80, 81, 82, 83, 84, 85, 86, 87, 88, 89, 90, 91, 92, 93, 94, 95, 96, 97, 99}
No improving move found, taking least bad move: (0, 44), solution cost: 1041.97
(Iter. 8) best_sol = Solution: cost=[1041.97], size=[80], elements={0, 1, 2, 3, 6, 7, 8, 9, 10, 11, 12, 13, 15, 16, 17, 18, 20, 22, 24, 25, 26, 27, 28, 31, 33, 34, 35, 37, 39, 40, 41, 42, 43, 45, 47, 49, 50, 52, 53, 54, 55, 57, 58, 59, 60, 61, 62, 63, 64, 65, 66, 67, 69, 70, 72, 73, 74, 75, 76, 77, 79, 80, 81, 82, 83, 84, 85, 86, 87, 88, 89, 90, 91, 92, 93, 94, 95, 96, 97, 99}
No improving move found, taking least bad move: (0, 20), solution cost: 1056.50
(Iter. 9) best_sol = Solution: cost=[1056.50], size=[79], elements={0, 1, 2, 3, 6, 7, 8, 9, 10, 11, 12, 13, 15, 16, 17, 18, 22, 24, 25, 26, 27, 28, 31, 33, 34, 35, 37, 39, 40, 41, 42, 43, 45, 47, 49, 50, 52, 53, 54, 55, 57, 58, 59, 60, 61, 62, 63, 64, 65, 66, 67, 69, 70, 72, 73, 74, 75, 76, 77, 79, 80, 81, 82, 83, 84, 85, 86, 87, 88, 89, 90, 91, 92, 93, 94, 95, 96, 97, 99}
No improving move found, taking least bad move: (0, 87), solution cost: 1068.40
(Iter. 10) best_sol = Solution: cost=[1068.40], size=[78], elements={0, 1, 2, 3, 6, 7, 8, 9, 10, 11, 12, 13, 15, 16, 17, 18, 22, 24, 25, 26, 27, 28, 31, 33, 34, 35, 37, 39, 40, 41, 42, 43, 45, 47, 49, 50, 52, 53, 54, 55, 57, 58, 59, 60, 61, 62, 63, 64, 65, 66, 67, 69, 70, 72, 73, 74, 75, 76, 77, 79, 80, 81, 82, 83, 84, 85, 86, 88, 89, 90, 91, 92, 93, 94, 95, 96, 97, 99}
No improving move found, taking least bad move: (0, 91), solution cost: 1079.88
(Iter. 11) best_sol = Solution: cost=[1079.88], size=[77], elements={0, 1, 2, 3, 6, 7, 8, 9, 10, 11, 12, 13, 15, 16, 17, 18, 22, 24, 25, 26, 27, 28, 31, 33, 34, 35, 37, 39, 40, 41, 42, 43, 45, 47, 49, 50, 52, 53, 54, 55, 57, 58, 59, 60, 61, 62, 63, 64, 65, 66, 67, 69, 70, 72, 73, 74, 75, 76, 77, 79, 80, 81, 82, 83, 84, 85, 86, 88, 89, 90, 92, 93, 94, 95, 96, 97, 99}
No improving move found, taking least bad move: (0, 97), solution cost: 1088.33
(Iter. 12) best_sol = Solution: cost=[1088.33], size=[76], elements={0, 1, 2, 3, 6, 7, 8, 9, 10, 11, 12, 13, 15, 16, 17, 18, 22, 24, 25, 26, 27, 28, 31, 33, 34, 35, 37, 39, 40, 41, 42, 43, 45, 47, 49, 50, 52, 53, 54, 55, 57, 58, 59, 60, 61, 62, 63, 64, 65, 66, 67, 69, 70, 72, 73, 74, 75, 76, 77, 79, 80, 81, 82, 83, 84, 85, 86, 88, 89, 90, 92, 93, 94, 95, 96, 99}
No improving move found, taking least bad move: (0, 80), solution cost: 1095.15
(Iter. 13) best_sol = Solution: cost=[1095.15], size=[75], elements={0, 1, 2, 3, 6, 7, 8, 9, 10, 11, 12, 13, 15, 16, 17, 18, 22, 24, 25, 26, 27, 28, 31, 33, 34, 35, 37, 39, 40, 41, 42, 43, 45, 47, 49, 50, 52, 53, 54, 55, 57, 58, 59, 60, 61, 62, 63, 64, 65, 66, 67, 69, 70, 72, 73, 74, 75, 76, 77, 79, 81, 82, 83, 84, 85, 86, 88, 89, 90, 92, 93, 94, 95, 96, 99}
No improving move found, taking least bad move: (0, 95), solution cost: 1101.28
(Iter. 14) best_sol = Solution: cost=[1101.28], size=[74], elements={0, 1, 2, 3, 6, 7, 8, 9, 10, 11, 12, 13, 15, 16, 17, 18, 22, 24, 25, 26, 27, 28, 31, 33, 34, 35, 37, 39, 40, 41, 42, 43, 45, 47, 49, 50, 52, 53, 54, 55, 57, 58, 59, 60, 61, 62, 63, 64, 65, 66, 67, 69, 70, 72, 73, 74, 75, 76, 77, 79, 81, 82, 83, 84, 85, 86, 88, 89, 90, 92, 93, 94, 96, 99}
No improving move found, taking least bad move: (0, 79), solution cost: 1106.43
(Iter. 15) best_sol = Solution: cost=[1106.43], size=[73], elements={0, 1, 2, 3, 6, 7, 8, 9, 10, 11, 12, 13, 15, 16, 17, 18, 22, 24, 25, 26, 27, 28, 31, 33, 34, 35, 37, 39, 40, 41, 42, 43, 45, 47, 49, 50, 52, 53, 54, 55, 57, 58, 59, 60, 61, 62, 63, 64, 65, 66, 67, 69, 70, 72, 73, 74, 75, 76, 77, 81, 82, 83, 84, 85, 86, 88, 89, 90, 92, 93, 94, 96, 99}
No improving move found, taking least bad move: (0, 40), solution cost: 1110.85
(Iter. 16) best_sol = Solution: cost=[1110.85], size=[72], elements={0, 1, 2, 3, 6, 7, 8, 9, 10, 11, 12, 13, 15, 16, 17, 18, 22, 24, 25, 26, 27, 28, 31, 33, 34, 35, 37, 39, 41, 42, 43, 45, 47, 49, 50, 52, 53, 54, 55, 57, 58, 59, 60, 61, 62, 63, 64, 65, 66, 67, 69, 70, 72, 73, 74, 75, 76, 77, 81, 82, 83, 84, 85, 86, 88, 89, 90, 92, 93, 94, 96, 99}
No improving move found, taking least bad move: (0, 59), solution cost: 1115.59
(Iter. 17) best_sol = Solution: cost=[1115.59], size=[71], elements={0, 1, 2, 3, 6, 7, 8, 9, 10, 11, 12, 13, 15, 16, 17, 18, 22, 24, 25, 26, 27, 28, 31, 33, 34, 35, 37, 39, 41, 42, 43, 45, 47, 49, 50, 52, 53, 54, 55, 57, 58, 60, 61, 62, 63, 64, 65, 66, 67, 69, 70, 72, 73, 74, 75, 76, 77, 81, 82, 83, 84, 85, 86, 88, 89, 90, 92, 93, 94, 96, 99}
No improving move found, taking least bad move: (0, 99), solution cost: 1118.82
(Iter. 18) best_sol = Solution: cost=[1118.82], size=[70], elements={0, 1, 2, 3, 6, 7, 8, 9, 10, 11, 12, 13, 15, 16, 17, 18, 22, 24, 25, 26, 27, 28, 31, 33, 34, 35, 37, 39, 41, 42, 43, 45, 47, 49, 50, 52, 53, 54, 55, 57, 58, 60, 61, 62, 63, 64, 65, 66, 67, 69, 70, 72, 73, 74, 75, 76, 77, 81, 82, 83, 84, 85, 86, 88, 89, 90, 92, 93, 94, 96}
No improving move found, taking least bad move: (1, 61), solution cost: 1117.97
No improvement in iteration 19. No improvement count: 1
No improving move found, taking least bad move: (99, -1), solution cost: 1115.59
No improvement in iteration 20. No improvement count: 2
No improving move found, taking least bad move: (2, 81), solution cost: 1114.74
No improvement in iteration 21. No improvement count: 3
No improving move found, taking least bad move: (3, 25), solution cost: 1114.54
No improvement in iteration 22. No improvement count: 4
No improving move found, taking least bad move: (59, -1), solution cost: 1114.08
No improvement in iteration 23. No improvement count: 5
No improving move found, taking least bad move: (79, -1), solution cost: 1113.67
No improvement in iteration 24. No improvement count: 6
No improving move found, taking least bad move: (6, 63), solution cost: 1113.23
No improvement in iteration 25. No improvement count: 7
No improving move found, taking least bad move: (7, 55), solution cost: 1112.78
No improvement in iteration 26. No improvement count: 8
No improving move found, taking least bad move: (95, -1), solution cost: 1112.69
No improvement in iteration 27. No improvement count: 9
No improving move found, taking least bad move: (80, -1), solution cost: 1112.00
No improvement in iteration 28. No improvement count: 10
No improving move found, taking least bad move: (97, -1), solution cost: 1110.37
No improvement in iteration 29. No improvement count: 11
No improving move found, taking least bad move: (56, -1), solution cost: 1108.79
No improvement in iteration 30. No improvement count: 12
No improving move found, taking least bad move: (91, -1), solution cost: 1107.34
No improvement in iteration 31. No improvement count: 13
No improving move found, taking least bad move: (78, -1), solution cost: 1107.30
No improvement in iteration 32. No improvement count: 14
No improving move found, taking least bad move: (40, -1), solution cost: 1107.05
No improvement in iteration 33. No improvement count: 15
No improving move found, taking least bad move: (8, 96), solution cost: 1107.03
No improvement in iteration 34. No improvement count: 16
No improving move found, taking least bad move: (87, -1), solution cost: 1106.92
No improvement in iteration 35. No improvement count: 17
No improving move found, taking least bad move: (9, 76), solution cost: 1106.85
No improvement in iteration 36. No improvement count: 18
No improving move found, taking least bad move: (10, 82), solution cost: 1106.30
No improvement in iteration 37. No improvement count: 19
No improving move found, taking least bad move: (11, 86), solution cost: 1105.92
No improvement in iteration 38. No improvement count: 20
No improving move found, taking least bad move: (12, 94), solution cost: 1105.03
No improvement in iteration 39. No improvement count: 21
No improving move found, taking least bad move: (13, 35), solution cost: 1104.91
No improvement in iteration 40. No improvement count: 22
No improving move found, taking least bad move: (98, -1), solution cost: 1104.81
No improvement in iteration 41. No improvement count: 23
No improving move found, taking least bad move: (15, 67), solution cost: 1103.52
No improvement in iteration 42. No improvement count: 24
No improving move found, taking least bad move: (16, 77), solution cost: 1103.28
No improvement in iteration 43. No improvement count: 25
No improving move found, taking least bad move: (17, 89), solution cost: 1102.59
No improvement in iteration 44. No improvement count: 26
No improving move found, taking least bad move: (18, 54), solution cost: 1099.30
No improvement in iteration 45. No improvement count: 27
No improving move found, taking least bad move: (-1, 17), solution cost: 1098.33
No improvement in iteration 46. No improvement count: 28
No improving move found, taking least bad move: (68, -1), solution cost: 1098.11
No improvement in iteration 47. No improvement count: 29
No improving move found, taking least bad move: (22, 83), solution cost: 1097.84
No improvement in iteration 48. No improvement count: 30
No improving move found, taking least bad move: (48, -1), solution cost: 1097.49
No improvement in iteration 49. No improvement count: 31
No improving move found, taking least bad move: (44, -1), solution cost: 1096.45
No improvement in iteration 50. No improvement count: 32
No improving move found, taking least bad move: (51, -1), solution cost: 1094.66
No improvement in iteration 51. No improvement count: 33
No improving move found, taking least bad move: (24, 90), solution cost: 1094.59
No improvement in iteration 52. No improvement count: 34
No improving move found, taking least bad move: (25, 58), solution cost: 1094.37
No improvement in iteration 53. No improvement count: 35
No improving move found, taking least bad move: (46, -1), solution cost: 1094.07
No improvement in iteration 54. No improvement count: 36
No improving move found, taking least bad move: (-1, 6), solution cost: 1093.06
No improvement in iteration 55. No improvement count: 37
No improving move found, taking least bad move: (20, -1), solution cost: 1092.06
No improvement in iteration 56. No improvement count: 38
No improving move found, taking least bad move: (26, 62), solution cost: 1091.37
No improvement in iteration 57. No improvement count: 39
No improving move found, taking least bad move: (32, -1), solution cost: 1090.01
No improvement in iteration 58. No improvement count: 40
No improving move found, taking least bad move: (27, 74), solution cost: 1084.72
No improvement in iteration 59. No improvement count: 41
No improving move found, taking least bad move: (28, 33), solution cost: 1083.91
No improvement in iteration 60. No improvement count: 42
No improving move found, taking least bad move: (30, -1), solution cost: 1083.24
No improvement in iteration 61. No improvement count: 43
No improving move found, taking least bad move: (4, -1), solution cost: 1079.68
No improvement in iteration 62. No improvement count: 44
No improving move found, taking least bad move: (36, -1), solution cost: 1078.79
No improvement in iteration 63. No improvement count: 45
No improving move found, taking least bad move: (-1, 10), solution cost: 1078.63
No improvement in iteration 64. No improvement count: 46
No improving move found, taking least bad move: (31, 72), solution cost: 1078.48
No improvement in iteration 65. No improvement count: 47
No improving move found, taking least bad move: (29, -1), solution cost: 1070.88
No improvement in iteration 66. No improvement count: 48
No improving move found, taking least bad move: (-1, 27), solution cost: 1067.15
No improvement in iteration 67. No improvement count: 49
No improving move found, taking least bad move: (71, -1), solution cost: 1062.48
No improvement in iteration 68. No improvement count: 50
No improving move found, taking least bad move: (19, -1), solution cost: 1061.87
No improvement in iteration 69. No improvement count: 51
No improving move found, taking least bad move: (-1, 1), solution cost: 1060.88
No improvement in iteration 70. No improvement count: 52
No improving move found, taking least bad move: (33, 45), solution cost: 1060.08
No improvement in iteration 71. No improvement count: 53
No improving move found, taking least bad move: (-1, 34), solution cost: 1055.48
No improvement in iteration 72. No improvement count: 54
No improving move found, taking least bad move: (-1, 18), solution cost: 1054.73
No improvement in iteration 73. No improvement count: 55
No improving move found, taking least bad move: (14, -1), solution cost: 1045.52
No improvement in iteration 74. No improvement count: 56
No improving move found, taking least bad move: (-1, 7), solution cost: 1045.12
No improvement in iteration 75. No improvement count: 57
No improving move found, taking least bad move: (-1, 26), solution cost: 1044.83
No improvement in iteration 76. No improvement count: 58
No improving move found, taking least bad move: (-1, 0), solution cost: 1040.06
No improvement in iteration 77. No improvement count: 59
No improving move found, taking least bad move: (34, 42), solution cost: 1039.80
No improvement in iteration 78. No improvement count: 60
No improving move found, taking least bad move: (35, 43), solution cost: 1033.51
No improvement in iteration 79. No improvement count: 61
No improving move found, taking least bad move: (21, -1), solution cost: 1033.37
No improvement in iteration 80. No improvement count: 62
No improving move found, taking least bad move: (-1, 2), solution cost: 1032.29
No improvement in iteration 81. No improvement count: 63
No improving move found, taking least bad move: (5, -1), solution cost: 1028.30
No improvement in iteration 82. No improvement count: 64
No improving move found, taking least bad move: (23, -1), solution cost: 1026.82
No improvement in iteration 83. No improvement count: 65
No improving move found, taking least bad move: (38, -1), solution cost: 1021.55
No improvement in iteration 84. No improvement count: 66
No improving move found, taking least bad move: (-1, 13), solution cost: 997.63
No improvement in iteration 85. No improvement count: 67
No improving move found, taking least bad move: (-1, 3), solution cost: -inf
No improvement in iteration 86. No improvement count: 68
No improving move found, taking least bad move: (-1, 8), solution cost: -inf
No improvement in iteration 87. No improvement count: 69
No improving move found, taking least bad move: (-1, 9), solution cost: -inf
No improvement in iteration 88. No improvement count: 70
No improving move found, taking least bad move: (-1, 11), solution cost: -inf
No improvement in iteration 89. No improvement count: 71
No improving move found, taking least bad move: (-1, 12), solution cost: -inf
No improvement in iteration 90. No improvement count: 72
No improving move found, taking least bad move: (-1, 15), solution cost: -inf
No improvement in iteration 91. No improvement count: 73
No improving move found, taking least bad move: (-1, 16), solution cost: -inf
No improvement in iteration 92. No improvement count: 74
No improving move found, taking least bad move: (-1, 22), solution cost: -inf
No improvement in iteration 93. No improvement count: 75
No improving move found, taking least bad move: (-1, 24), solution cost: -inf
No improvement in iteration 94. No improvement count: 76
No improving move found, taking least bad move: (-1, 28), solution cost: -inf
No improvement in iteration 95. No improvement count: 77
No improving move found, taking least bad move: (-1, 31), solution cost: -inf
No improvement in iteration 96. No improvement count: 78
No improving move found, taking least bad move: (-1, 37), solution cost: -inf
No improvement in iteration 97. No improvement count: 79
No improving move found, taking least bad move: (37, 39), solution cost: -inf
No improvement in iteration 98. No improvement count: 80
No improving move found, taking least bad move: (39, 41), solution cost: -inf
No improvement in iteration 99. No improvement count: 81
No improving move found, taking least bad move: (41, 47), solution cost: -inf
No improvement in iteration 100. No improvement count: 82
No improving move found, taking least bad move: (42, 49), solution cost: -inf
No improvement in iteration 101. No improvement count: 83
No improving move found, taking least bad move: (43, 50), solution cost: -inf
No improvement in iteration 102. No improvement count: 84
No improving move found, taking least bad move: (45, 52), solution cost: -inf
No improvement in iteration 103. No improvement count: 85
No improving move found, taking least bad move: (47, 53), solution cost: -inf
No improvement in iteration 104. No improvement count: 86
No improving move found, taking least bad move: (49, 57), solution cost: -inf
No improvement in iteration 105. No improvement count: 87
No improving move found, taking least bad move: (50, 60), solution cost: -inf
No improvement in iteration 106. No improvement count: 88
No improving move found, taking least bad move: (52, 64), solution cost: -inf
No improvement in iteration 107. No improvement count: 89
No improving move found, taking least bad move: (53, 65), solution cost: -inf
No improvement in iteration 108. No improvement count: 90
No improving move found, taking least bad move: (54, 66), solution cost: -inf
No improvement in iteration 109. No improvement count: 91
No improving move found, taking least bad move: (55, 69), solution cost: -inf
No improvement in iteration 110. No improvement count: 92
No improving move found, taking least bad move: (57, 70), solution cost: -inf
No improvement in iteration 111. No improvement count: 93
No improving move found, taking least bad move: (58, 73), solution cost: -inf
No improvement in iteration 112. No improvement count: 94
No improving move found, taking least bad move: (60, 75), solution cost: -inf
No improvement in iteration 113. No improvement count: 95
No improving move found, taking least bad move: (61, 84), solution cost: -inf
No improvement in iteration 114. No improvement count: 96
No improving move found, taking least bad move: (62, 85), solution cost: -inf
No improvement in iteration 115. No improvement count: 97
No improving move found, taking least bad move: (63, 88), solution cost: -inf
No improvement in iteration 116. No improvement count: 98
No improving move found, taking least bad move: (64, 92), solution cost: -inf
No improvement in iteration 117. No improvement count: 99
No improving move found, taking least bad move: (65, 93), solution cost: -inf
No improvement in iteration 118. No improvement count: 100
Traceback (most recent call last):
  File "C:\Users\tonio\MO824\A3\MC859-A3-G03 - Copia (4)\main.py", line 55, in <module>
    main()
  File "C:\Users\tonio\MO824\A3\MC859-A3-G03 - Copia (4)\main.py", line 48, in main
    solution = solver.solve()
               ^^^^^^^^^^^^^^
  File "C:\Users\tonio\MO824\A3\MC859-A3-G03 - Copia (4)\TabuSearch\metaheuristics\AbstractTS.py", line 254, in solve
    self.neighborhood_move()
  File "C:\Users\tonio\MO824\A3\MC859-A3-G03 - Copia (4)\TabuSearch\metaheuristics\TS.py", line 302, in neighborhood_move
    best_candidate, move = self.local_search_best(neighborhood)
                           ^^^^^^^^^^^^^^^^^^^^^^^^^^^^^^^^^^^^
  File "C:\Users\tonio\MO824\A3\MC859-A3-G03 - Copia (4)\TabuSearch\metaheuristics\TS.py", line 238, in local_search_best
    print(f'No improving move found, taking least bad move: {move}, solution cost: {least_bad.cost if least_bad else "N/A":.2f}')
                                                                                   ^^^^^^^^^^^^^^^^^^^^^^^^^^^^^^^^^^^^^^^^^^^^
ValueError: Unknown format code 'f' for object of type 'str'

--- Finished in 18.34 seconds ---
