Cost-Ratio Heuristic: found solution Solution: cost=[622.73], size=[82], elements={0, 2, 3, 4, 5, 7, 8, 9, 11, 12, 13, 14, 16, 17, 18, 20, 21, 22, 23, 24, 25, 26, 27, 28, 29, 30, 31, 32, 34, 37, 38, 39, 41, 42, 44, 45, 46, 47, 48, 49, 50, 51, 54, 55, 56, 57, 58, 59, 61, 62, 63, 64, 66, 68, 70, 71, 72, 73, 75, 76, 77, 78, 79, 80, 81, 82, 83, 84, 85, 86, 87, 88, 90, 91, 92, 93, 94, 95, 96, 97, 98, 99}
No improving move found, taking least bad move: (0, 30), solution cost: 664.46
(Iter. 0) best_sol = Solution: cost=[664.46], size=[81], elements={0, 2, 3, 4, 5, 7, 8, 9, 11, 12, 13, 14, 16, 17, 18, 20, 21, 22, 23, 24, 25, 26, 27, 28, 29, 31, 32, 34, 37, 38, 39, 41, 42, 44, 45, 46, 47, 48, 49, 50, 51, 54, 55, 56, 57, 58, 59, 61, 62, 63, 64, 66, 68, 70, 71, 72, 73, 75, 76, 77, 78, 79, 80, 81, 82, 83, 84, 85, 86, 87, 88, 90, 91, 92, 93, 94, 95, 96, 97, 98, 99}
No improving move found, taking least bad move: (0, 7), solution cost: 698.57
(Iter. 1) best_sol = Solution: cost=[698.57], size=[80], elements={0, 2, 3, 4, 5, 8, 9, 11, 12, 13, 14, 16, 17, 18, 20, 21, 22, 23, 24, 25, 26, 27, 28, 29, 31, 32, 34, 37, 38, 39, 41, 42, 44, 45, 46, 47, 48, 49, 50, 51, 54, 55, 56, 57, 58, 59, 61, 62, 63, 64, 66, 68, 70, 71, 72, 73, 75, 76, 77, 78, 79, 80, 81, 82, 83, 84, 85, 86, 87, 88, 90, 91, 92, 93, 94, 95, 96, 97, 98, 99}
No improving move found, taking least bad move: (0, 64), solution cost: 714.46
(Iter. 2) best_sol = Solution: cost=[714.46], size=[79], elements={0, 2, 3, 4, 5, 8, 9, 11, 12, 13, 14, 16, 17, 18, 20, 21, 22, 23, 24, 25, 26, 27, 28, 29, 31, 32, 34, 37, 38, 39, 41, 42, 44, 45, 46, 47, 48, 49, 50, 51, 54, 55, 56, 57, 58, 59, 61, 62, 63, 66, 68, 70, 71, 72, 73, 75, 76, 77, 78, 79, 80, 81, 82, 83, 84, 85, 86, 87, 88, 90, 91, 92, 93, 94, 95, 96, 97, 98, 99}
No improving move found, taking least bad move: (0, 16), solution cost: 733.16
(Iter. 3) best_sol = Solution: cost=[733.16], size=[78], elements={0, 2, 3, 4, 5, 8, 9, 11, 12, 13, 14, 17, 18, 20, 21, 22, 23, 24, 25, 26, 27, 28, 29, 31, 32, 34, 37, 38, 39, 41, 42, 44, 45, 46, 47, 48, 49, 50, 51, 54, 55, 56, 57, 58, 59, 61, 62, 63, 66, 68, 70, 71, 72, 73, 75, 76, 77, 78, 79, 80, 81, 82, 83, 84, 85, 86, 87, 88, 90, 91, 92, 93, 94, 95, 96, 97, 98, 99}
No improving move found, taking least bad move: (0, 31), solution cost: 753.42
(Iter. 4) best_sol = Solution: cost=[753.42], size=[77], elements={0, 2, 3, 4, 5, 8, 9, 11, 12, 13, 14, 17, 18, 20, 21, 22, 23, 24, 25, 26, 27, 28, 29, 32, 34, 37, 38, 39, 41, 42, 44, 45, 46, 47, 48, 49, 50, 51, 54, 55, 56, 57, 58, 59, 61, 62, 63, 66, 68, 70, 71, 72, 73, 75, 76, 77, 78, 79, 80, 81, 82, 83, 84, 85, 86, 87, 88, 90, 91, 92, 93, 94, 95, 96, 97, 98, 99}
No improving move found, taking least bad move: (0, 76), solution cost: 769.88
(Iter. 5) best_sol = Solution: cost=[769.88], size=[76], elements={0, 2, 3, 4, 5, 8, 9, 11, 12, 13, 14, 17, 18, 20, 21, 22, 23, 24, 25, 26, 27, 28, 29, 32, 34, 37, 38, 39, 41, 42, 44, 45, 46, 47, 48, 49, 50, 51, 54, 55, 56, 57, 58, 59, 61, 62, 63, 66, 68, 70, 71, 72, 73, 75, 77, 78, 79, 80, 81, 82, 83, 84, 85, 86, 87, 88, 90, 91, 92, 93, 94, 95, 96, 97, 98, 99}
No improving move found, taking least bad move: (0, 58), solution cost: 785.52
(Iter. 6) best_sol = Solution: cost=[785.52], size=[75], elements={0, 2, 3, 4, 5, 8, 9, 11, 12, 13, 14, 17, 18, 20, 21, 22, 23, 24, 25, 26, 27, 28, 29, 32, 34, 37, 38, 39, 41, 42, 44, 45, 46, 47, 48, 49, 50, 51, 54, 55, 56, 57, 59, 61, 62, 63, 66, 68, 70, 71, 72, 73, 75, 77, 78, 79, 80, 81, 82, 83, 84, 85, 86, 87, 88, 90, 91, 92, 93, 94, 95, 96, 97, 98, 99}
No improving move found, taking least bad move: (0, 70), solution cost: 800.81
(Iter. 7) best_sol = Solution: cost=[800.81], size=[74], elements={0, 2, 3, 4, 5, 8, 9, 11, 12, 13, 14, 17, 18, 20, 21, 22, 23, 24, 25, 26, 27, 28, 29, 32, 34, 37, 38, 39, 41, 42, 44, 45, 46, 47, 48, 49, 50, 51, 54, 55, 56, 57, 59, 61, 62, 63, 66, 68, 71, 72, 73, 75, 77, 78, 79, 80, 81, 82, 83, 84, 85, 86, 87, 88, 90, 91, 92, 93, 94, 95, 96, 97, 98, 99}
No improving move found, taking least bad move: (1, 94), solution cost: 822.11
(Iter. 8) best_sol = Solution: cost=[822.11], size=[74], elements={0, 1, 2, 3, 4, 5, 8, 9, 11, 12, 13, 14, 17, 18, 20, 21, 22, 23, 24, 25, 26, 27, 28, 29, 32, 34, 37, 38, 39, 41, 42, 44, 45, 46, 47, 48, 49, 50, 51, 54, 55, 56, 57, 59, 61, 62, 63, 66, 68, 71, 72, 73, 75, 77, 78, 79, 80, 81, 82, 83, 84, 85, 86, 87, 88, 90, 91, 92, 93, 95, 96, 97, 98, 99}
No improving move found, taking least bad move: (0, 97), solution cost: 838.40
(Iter. 9) best_sol = Solution: cost=[838.40], size=[73], elements={0, 1, 2, 3, 4, 5, 8, 9, 11, 12, 13, 14, 17, 18, 20, 21, 22, 23, 24, 25, 26, 27, 28, 29, 32, 34, 37, 38, 39, 41, 42, 44, 45, 46, 47, 48, 49, 50, 51, 54, 55, 56, 57, 59, 61, 62, 63, 66, 68, 71, 72, 73, 75, 77, 78, 79, 80, 81, 82, 83, 84, 85, 86, 87, 88, 90, 91, 92, 93, 95, 96, 98, 99}
No improving move found, taking least bad move: (0, 88), solution cost: 851.45
(Iter. 10) best_sol = Solution: cost=[851.45], size=[72], elements={0, 1, 2, 3, 4, 5, 8, 9, 11, 12, 13, 14, 17, 18, 20, 21, 22, 23, 24, 25, 26, 27, 28, 29, 32, 34, 37, 38, 39, 41, 42, 44, 45, 46, 47, 48, 49, 50, 51, 54, 55, 56, 57, 59, 61, 62, 63, 66, 68, 71, 72, 73, 75, 77, 78, 79, 80, 81, 82, 83, 84, 85, 86, 87, 90, 91, 92, 93, 95, 96, 98, 99}
No improving move found, taking least bad move: (0, 90), solution cost: 859.95
(Iter. 11) best_sol = Solution: cost=[859.95], size=[71], elements={0, 1, 2, 3, 4, 5, 8, 9, 11, 12, 13, 14, 17, 18, 20, 21, 22, 23, 24, 25, 26, 27, 28, 29, 32, 34, 37, 38, 39, 41, 42, 44, 45, 46, 47, 48, 49, 50, 51, 54, 55, 56, 57, 59, 61, 62, 63, 66, 68, 71, 72, 73, 75, 77, 78, 79, 80, 81, 82, 83, 84, 85, 86, 87, 91, 92, 93, 95, 96, 98, 99}
No improving move found, taking least bad move: (0, 95), solution cost: 867.91
(Iter. 12) best_sol = Solution: cost=[867.91], size=[70], elements={0, 1, 2, 3, 4, 5, 8, 9, 11, 12, 13, 14, 17, 18, 20, 21, 22, 23, 24, 25, 26, 27, 28, 29, 32, 34, 37, 38, 39, 41, 42, 44, 45, 46, 47, 48, 49, 50, 51, 54, 55, 56, 57, 59, 61, 62, 63, 66, 68, 71, 72, 73, 75, 77, 78, 79, 80, 81, 82, 83, 84, 85, 86, 87, 91, 92, 93, 96, 98, 99}
No improving move found, taking least bad move: (0, 29), solution cost: 875.52
(Iter. 13) best_sol = Solution: cost=[875.52], size=[69], elements={0, 1, 2, 3, 4, 5, 8, 9, 11, 12, 13, 14, 17, 18, 20, 21, 22, 23, 24, 25, 26, 27, 28, 32, 34, 37, 38, 39, 41, 42, 44, 45, 46, 47, 48, 49, 50, 51, 54, 55, 56, 57, 59, 61, 62, 63, 66, 68, 71, 72, 73, 75, 77, 78, 79, 80, 81, 82, 83, 84, 85, 86, 87, 91, 92, 93, 96, 98, 99}
No improving move found, taking least bad move: (0, 28), solution cost: 883.92
(Iter. 14) best_sol = Solution: cost=[883.92], size=[68], elements={0, 1, 2, 3, 4, 5, 8, 9, 11, 12, 13, 14, 17, 18, 20, 21, 22, 23, 24, 25, 26, 27, 32, 34, 37, 38, 39, 41, 42, 44, 45, 46, 47, 48, 49, 50, 51, 54, 55, 56, 57, 59, 61, 62, 63, 66, 68, 71, 72, 73, 75, 77, 78, 79, 80, 81, 82, 83, 84, 85, 86, 87, 91, 92, 93, 96, 98, 99}
No improving move found, taking least bad move: (0, 72), solution cost: 890.31
(Iter. 15) best_sol = Solution: cost=[890.31], size=[67], elements={0, 1, 2, 3, 4, 5, 8, 9, 11, 12, 13, 14, 17, 18, 20, 21, 22, 23, 24, 25, 26, 27, 32, 34, 37, 38, 39, 41, 42, 44, 45, 46, 47, 48, 49, 50, 51, 54, 55, 56, 57, 59, 61, 62, 63, 66, 68, 71, 73, 75, 77, 78, 79, 80, 81, 82, 83, 84, 85, 86, 87, 91, 92, 93, 96, 98, 99}
No improving move found, taking least bad move: (0, 77), solution cost: 896.51
(Iter. 16) best_sol = Solution: cost=[896.51], size=[66], elements={0, 1, 2, 3, 4, 5, 8, 9, 11, 12, 13, 14, 17, 18, 20, 21, 22, 23, 24, 25, 26, 27, 32, 34, 37, 38, 39, 41, 42, 44, 45, 46, 47, 48, 49, 50, 51, 54, 55, 56, 57, 59, 61, 62, 63, 66, 68, 71, 73, 75, 78, 79, 80, 81, 82, 83, 84, 85, 86, 87, 91, 92, 93, 96, 98, 99}
No improving move found, taking least bad move: (0, 62), solution cost: 902.32
(Iter. 17) best_sol = Solution: cost=[902.32], size=[65], elements={0, 1, 2, 3, 4, 5, 8, 9, 11, 12, 13, 14, 17, 18, 20, 21, 22, 23, 24, 25, 26, 27, 32, 34, 37, 38, 39, 41, 42, 44, 45, 46, 47, 48, 49, 50, 51, 54, 55, 56, 57, 59, 61, 63, 66, 68, 71, 73, 75, 78, 79, 80, 81, 82, 83, 84, 85, 86, 87, 91, 92, 93, 96, 98, 99}
No improving move found, taking least bad move: (0, 38), solution cost: 903.24
(Iter. 18) best_sol = Solution: cost=[903.24], size=[64], elements={0, 1, 2, 3, 4, 5, 8, 9, 11, 12, 13, 14, 17, 18, 20, 21, 22, 23, 24, 25, 26, 27, 32, 34, 37, 39, 41, 42, 44, 45, 46, 47, 48, 49, 50, 51, 54, 55, 56, 57, 59, 61, 63, 66, 68, 71, 73, 75, 78, 79, 80, 81, 82, 83, 84, 85, 86, 87, 91, 92, 93, 96, 98, 99}
No improving move found, taking least bad move: (38, -1), solution cost: 902.32
No improvement in iteration 19. No improvement count: 1
No improving move found, taking least bad move: (2, 98), solution cost: 901.88
No improvement in iteration 20. No improvement count: 2
No improving move found, taking least bad move: (3, 80), solution cost: 900.79
No improvement in iteration 21. No improvement count: 3
No improving move found, taking least bad move: (4, 86), solution cost: 900.60
No improvement in iteration 22. No improvement count: 4
No improving move found, taking least bad move: (5, 48), solution cost: 900.36
No improvement in iteration 23. No improvement count: 5
No improving move found, taking least bad move: (62, -1), solution cost: 897.43
No improvement in iteration 24. No improvement count: 6
No improving move found, taking least bad move: (77, -1), solution cost: 897.04
No improvement in iteration 25. No improvement count: 7
No improving move found, taking least bad move: (72, -1), solution cost: 896.85
No improvement in iteration 26. No improvement count: 8
No improving move found, taking least bad move: (8, 66), solution cost: 896.52
No improvement in iteration 27. No improvement count: 9
No improving move found, taking least bad move: (35, -1), solution cost: 895.81
No improvement in iteration 28. No improvement count: 10
No improving move found, taking least bad move: (19, -1), solution cost: 895.55
No improvement in iteration 29. No improvement count: 11
No improving move found, taking least bad move: (9, 87), solution cost: 895.37
No improvement in iteration 30. No improvement count: 12
No improving move found, taking least bad move: (95, -1), solution cost: 895.28
No improvement in iteration 31. No improvement count: 13
No improving move found, taking least bad move: (90, -1), solution cost: 894.74
No improvement in iteration 32. No improvement count: 14
No improving move found, taking least bad move: (29, -1), solution cost: 894.12
No improvement in iteration 33. No improvement count: 15
No improving move found, taking least bad move: (88, -1), solution cost: 890.19
No improvement in iteration 34. No improvement count: 16
No improving move found, taking least bad move: (64, -1), solution cost: 889.66
No improvement in iteration 35. No improvement count: 17
No improving move found, taking least bad move: (60, -1), solution cost: 888.98
No improvement in iteration 36. No improvement count: 18
No improving move found, taking least bad move: (11, 57), solution cost: 888.94
No improvement in iteration 37. No improvement count: 19
No improving move found, taking least bad move: (76, -1), solution cost: 888.18
No improvement in iteration 38. No improvement count: 20
No improving move found, taking least bad move: (58, -1), solution cost: 887.66
No improvement in iteration 39. No improvement count: 21
No improving move found, taking least bad move: (12, 63), solution cost: 887.41
No improvement in iteration 40. No improvement count: 22
No improving move found, taking least bad move: (97, -1), solution cost: 886.95
No improvement in iteration 41. No improvement count: 23
No improving move found, taking least bad move: (13, 56), solution cost: 884.75
No improvement in iteration 42. No improvement count: 24
No improving move found, taking least bad move: (89, -1), solution cost: 883.55
No improvement in iteration 43. No improvement count: 25
No improving move found, taking least bad move: (14, 42), solution cost: 883.26
No improvement in iteration 44. No improvement count: 26
No improving move found, taking least bad move: (28, -1), solution cost: 882.87
No improvement in iteration 45. No improvement count: 27
No improving move found, taking least bad move: (17, 68), solution cost: 882.03
No improvement in iteration 46. No improvement count: 28
No improving move found, taking least bad move: (18, 34), solution cost: 880.55
No improvement in iteration 47. No improvement count: 29
No improving move found, taking least bad move: (94, -1), solution cost: 880.14
No improvement in iteration 48. No improvement count: 30
No improving move found, taking least bad move: (20, 27), solution cost: 880.06
No improvement in iteration 49. No improvement count: 31
No improving move found, taking least bad move: (21, 82), solution cost: 879.30
No improvement in iteration 50. No improvement count: 32
No improving move found, taking least bad move: (22, 55), solution cost: 879.01
No improvement in iteration 51. No improvement count: 33
No improving move found, taking least bad move: (23, 71), solution cost: 878.87
No improvement in iteration 52. No improvement count: 34
No improving move found, taking least bad move: (-1, 18), solution cost: 878.36
No improvement in iteration 53. No improvement count: 35
No improving move found, taking least bad move: (24, 75), solution cost: 876.65
No improvement in iteration 54. No improvement count: 36
No improving move found, taking least bad move: (25, 61), solution cost: 876.15
No improvement in iteration 55. No improvement count: 37
No improving move found, taking least bad move: (33, -1), solution cost: 875.99
No improvement in iteration 56. No improvement count: 38
No improving move found, taking least bad move: (-1, 22), solution cost: 875.64
No improvement in iteration 57. No improvement count: 39
No improving move found, taking least bad move: (-1, 20), solution cost: 875.43
No improvement in iteration 58. No improvement count: 40
No improving move found, taking least bad move: (31, -1), solution cost: 874.97
No improvement in iteration 59. No improvement count: 41
No improving move found, taking least bad move: (26, 93), solution cost: 873.54
No improvement in iteration 60. No improvement count: 42
No improving move found, taking least bad move: (70, -1), solution cost: 872.86
No improvement in iteration 61. No improvement count: 43
No improving move found, taking least bad move: (65, -1), solution cost: 872.77
No improvement in iteration 62. No improvement count: 44
No improving move found, taking least bad move: (30, -1), solution cost: 872.12
No improvement in iteration 63. No improvement count: 45
No improving move found, taking least bad move: (-1, 17), solution cost: 871.94
No improvement in iteration 64. No improvement count: 46
No improving move found, taking least bad move: (27, 73), solution cost: 871.60
No improvement in iteration 65. No improvement count: 47
No improving move found, taking least bad move: (32, 37), solution cost: 869.67
No improvement in iteration 66. No improvement count: 48
No improving move found, taking least bad move: (52, -1), solution cost: 868.41
No improvement in iteration 67. No improvement count: 49
No improving move found, taking least bad move: (74, -1), solution cost: 867.24
No improvement in iteration 68. No improvement count: 50
No improving move found, taking least bad move: (36, -1), solution cost: 866.84
No improvement in iteration 69. No improvement count: 51
No improving move found, taking least bad move: (-1, 0), solution cost: 865.16
No improvement in iteration 70. No improvement count: 52
No improving move found, taking least bad move: (-1, 3), solution cost: 865.06
No improvement in iteration 71. No improvement count: 53
No improving move found, taking least bad move: (34, 59), solution cost: 863.53
No improvement in iteration 72. No improvement count: 54
No improving move found, taking least bad move: (37, 46), solution cost: 861.36
No improvement in iteration 73. No improvement count: 55
No improving move found, taking least bad move: (-1, 25), solution cost: 860.87
No improvement in iteration 74. No improvement count: 56
No improving move found, taking least bad move: (39, 83), solution cost: 860.87
No improvement in iteration 75. No improvement count: 57
No improving move found, taking least bad move: (16, -1), solution cost: 859.77
No improvement in iteration 76. No improvement count: 58
No improving move found, taking least bad move: (-1, 21), solution cost: 859.21
No improvement in iteration 77. No improvement count: 59
No improving move found, taking least bad move: (-1, 23), solution cost: 858.64
No improvement in iteration 78. No improvement count: 60
No improving move found, taking least bad move: (-1, 4), solution cost: 853.76
No improvement in iteration 79. No improvement count: 61
No improving move found, taking least bad move: (69, -1), solution cost: 853.57
No improvement in iteration 80. No improvement count: 62
No improving move found, taking least bad move: (-1, 1), solution cost: 853.21
No improvement in iteration 81. No improvement count: 63
No improving move found, taking least bad move: (41, 45), solution cost: 850.80
No improvement in iteration 82. No improvement count: 64
No improving move found, taking least bad move: (53, -1), solution cost: 847.75
No improvement in iteration 83. No improvement count: 65
No improving move found, taking least bad move: (43, -1), solution cost: 846.82
No improvement in iteration 84. No improvement count: 66
No improving move found, taking least bad move: (42, 47), solution cost: 845.47
No improvement in iteration 85. No improvement count: 67
No improving move found, taking least bad move: (-1, 32), solution cost: 841.06
No improvement in iteration 86. No improvement count: 68
No improving move found, taking least bad move: (-1, 8), solution cost: 838.59
No improvement in iteration 87. No improvement count: 69
No improving move found, taking least bad move: (-1, 13), solution cost: 831.65
No improvement in iteration 88. No improvement count: 70
No improving move found, taking least bad move: (-1, 9), solution cost: 831.38
No improvement in iteration 89. No improvement count: 71
No improving move found, taking least bad move: (7, -1), solution cost: 829.17
No improvement in iteration 90. No improvement count: 72
No improving move found, taking least bad move: (15, -1), solution cost: 828.99
No improvement in iteration 91. No improvement count: 73
No improving move found, taking least bad move: (67, -1), solution cost: 827.60
No improvement in iteration 92. No improvement count: 74
No improving move found, taking least bad move: (10, -1), solution cost: 826.59
No improvement in iteration 93. No improvement count: 75
No improving move found, taking least bad move: (40, -1), solution cost: 821.44
No improvement in iteration 94. No improvement count: 76
No improving move found, taking least bad move: (6, -1), solution cost: 818.80
No improvement in iteration 95. No improvement count: 77
No improving move found, taking least bad move: (-1, 44), solution cost: 813.77
No improvement in iteration 96. No improvement count: 78
No improving move found, taking least bad move: (-1, 5), solution cost: 808.43
No improvement in iteration 97. No improvement count: 79
No improving move found, taking least bad move: (-1, 12), solution cost: 787.43
No improvement in iteration 98. No improvement count: 80
No improving move found, taking least bad move: (-1, 2), solution cost: -inf
No improvement in iteration 99. No improvement count: 81
No improving move found, taking least bad move: (-1, 11), solution cost: -inf
No improvement in iteration 100. No improvement count: 82
No improving move found, taking least bad move: (-1, 14), solution cost: -inf
No improvement in iteration 101. No improvement count: 83
No improving move found, taking least bad move: (-1, 24), solution cost: -inf
No improvement in iteration 102. No improvement count: 84
No improving move found, taking least bad move: (-1, 26), solution cost: -inf
No improvement in iteration 103. No improvement count: 85
No improving move found, taking least bad move: (-1, 39), solution cost: -inf
No improvement in iteration 104. No improvement count: 86
No improving move found, taking least bad move: (-1, 41), solution cost: -inf
No improvement in iteration 105. No improvement count: 87
No improving move found, taking least bad move: (44, 49), solution cost: -inf
No improvement in iteration 106. No improvement count: 88
No improving move found, taking least bad move: (45, 50), solution cost: -inf
No improvement in iteration 107. No improvement count: 89
No improving move found, taking least bad move: (46, 51), solution cost: -inf
No improvement in iteration 108. No improvement count: 90
No improving move found, taking least bad move: (47, 54), solution cost: -inf
No improvement in iteration 109. No improvement count: 91
No improving move found, taking least bad move: (48, 78), solution cost: -inf
No improvement in iteration 110. No improvement count: 92
No improving move found, taking least bad move: (49, 79), solution cost: -inf
No improvement in iteration 111. No improvement count: 93
No improving move found, taking least bad move: (50, 81), solution cost: -inf
No improvement in iteration 112. No improvement count: 94
No improving move found, taking least bad move: (51, 84), solution cost: -inf
No improvement in iteration 113. No improvement count: 95
No improving move found, taking least bad move: (54, 85), solution cost: -inf
No improvement in iteration 114. No improvement count: 96
No improving move found, taking least bad move: (55, 91), solution cost: -inf
No improvement in iteration 115. No improvement count: 97
No improving move found, taking least bad move: (56, 92), solution cost: -inf
No improvement in iteration 116. No improvement count: 98
No improving move found, taking least bad move: (57, 96), solution cost: -inf
No improvement in iteration 117. No improvement count: 99
No improving move found, taking least bad move: (59, 99), solution cost: -inf
No improvement in iteration 118. No improvement count: 100
Traceback (most recent call last):
  File "C:\Users\tonio\MO824\A3\MC859-A3-G03 - Copia (4)\main.py", line 55, in <module>
    main()
  File "C:\Users\tonio\MO824\A3\MC859-A3-G03 - Copia (4)\main.py", line 48, in main
    solution = solver.solve()
               ^^^^^^^^^^^^^^
  File "C:\Users\tonio\MO824\A3\MC859-A3-G03 - Copia (4)\TabuSearch\metaheuristics\AbstractTS.py", line 254, in solve
    self.neighborhood_move()
  File "C:\Users\tonio\MO824\A3\MC859-A3-G03 - Copia (4)\TabuSearch\metaheuristics\TS.py", line 302, in neighborhood_move
    best_candidate, move = self.local_search_best(neighborhood)
                           ^^^^^^^^^^^^^^^^^^^^^^^^^^^^^^^^^^^^
  File "C:\Users\tonio\MO824\A3\MC859-A3-G03 - Copia (4)\TabuSearch\metaheuristics\TS.py", line 238, in local_search_best
    print(f'No improving move found, taking least bad move: {move}, solution cost: {least_bad.cost if least_bad else "N/A":.2f}')
                                                                                   ^^^^^^^^^^^^^^^^^^^^^^^^^^^^^^^^^^^^^^^^^^^^
ValueError: Unknown format code 'f' for object of type 'str'

--- Finished in 18.46 seconds ---
