Cost-Ratio Heuristic: found solution Solution: cost=[293.89], size=[38], elements={0, 1, 2, 3, 4, 5, 7, 8, 9, 11, 12, 13, 14, 15, 19, 20, 21, 23, 24, 25, 26, 28, 29, 30, 32, 33, 34, 35, 36, 37, 39, 40, 41, 45, 46, 47, 48, 49}
No improving move found, taking least bad move: (0, 33), solution cost: 308.72
(Iter. 0) best_sol = Solution: cost=[308.72], size=[37], elements={0, 1, 2, 3, 4, 5, 7, 8, 9, 11, 12, 13, 14, 15, 19, 20, 21, 23, 24, 25, 26, 28, 29, 30, 32, 34, 35, 36, 37, 39, 40, 41, 45, 46, 47, 48, 49}
No improving move found, taking least bad move: (0, 12), solution cost: 326.54
(Iter. 1) best_sol = Solution: cost=[326.54], size=[36], elements={0, 1, 2, 3, 4, 5, 7, 8, 9, 11, 13, 14, 15, 19, 20, 21, 23, 24, 25, 26, 28, 29, 30, 32, 34, 35, 36, 37, 39, 40, 41, 45, 46, 47, 48, 49}
No improving move found, taking least bad move: (0, 39), solution cost: 334.86
(Iter. 2) best_sol = Solution: cost=[334.86], size=[35], elements={0, 1, 2, 3, 4, 5, 7, 8, 9, 11, 13, 14, 15, 19, 20, 21, 23, 24, 25, 26, 28, 29, 30, 32, 34, 35, 36, 37, 40, 41, 45, 46, 47, 48, 49}
No improving move found, taking least bad move: (0, 15), solution cost: 340.93
(Iter. 3) best_sol = Solution: cost=[340.93], size=[34], elements={0, 1, 2, 3, 4, 5, 7, 8, 9, 11, 13, 14, 19, 20, 21, 23, 24, 25, 26, 28, 29, 30, 32, 34, 35, 36, 37, 40, 41, 45, 46, 47, 48, 49}
No improving move found, taking least bad move: (0, 34), solution cost: 343.62
(Iter. 4) best_sol = Solution: cost=[343.62], size=[33], elements={0, 1, 2, 3, 4, 5, 7, 8, 9, 11, 13, 14, 19, 20, 21, 23, 24, 25, 26, 28, 29, 30, 32, 35, 36, 37, 40, 41, 45, 46, 47, 48, 49}
No improving move found, taking least bad move: (1, 28), solution cost: 343.60
No improvement in iteration 5. No improvement count: 1
No improving move found, taking least bad move: (2, 48), solution cost: 342.01
No improvement in iteration 6. No improvement count: 2
No improving move found, taking least bad move: (3, 49), solution cost: 341.94
No improvement in iteration 7. No improvement count: 3
No improving move found, taking least bad move: (34, -1), solution cost: 340.93
No improvement in iteration 8. No improvement count: 4
No improving move found, taking least bad move: (4, 37), solution cost: 340.82
No improvement in iteration 9. No improvement count: 5
No improving move found, taking least bad move: (5, 26), solution cost: 339.94
No improvement in iteration 10. No improvement count: 6
No improving move found, taking least bad move: (39, -1), solution cost: 335.30
No improvement in iteration 11. No improvement count: 7
No improving move found, taking least bad move: (7, 11), solution cost: 328.77
No improvement in iteration 12. No improvement count: 8
No improving move found, taking least bad move: (15, -1), solution cost: 328.23
No improvement in iteration 13. No improvement count: 9
No improving move found, taking least bad move: (44, -1), solution cost: 328.11
No improvement in iteration 14. No improvement count: 10
No improving move found, taking least bad move: (43, -1), solution cost: 326.01
No improvement in iteration 15. No improvement count: 11
No improving move found, taking least bad move: (8, 45), solution cost: 323.77
No improvement in iteration 16. No improvement count: 12
No improving move found, taking least bad move: (-1, 1), solution cost: 323.44
No improvement in iteration 17. No improvement count: 13
No improving move found, taking least bad move: (12, -1), solution cost: 320.78
No improvement in iteration 18. No improvement count: 14
No improving move found, taking least bad move: (31, -1), solution cost: 320.34
No improvement in iteration 19. No improvement count: 15
No improving move found, taking least bad move: (9, 47), solution cost: 320.09
No improvement in iteration 20. No improvement count: 16
No improving move found, taking least bad move: (-1, 0), solution cost: 319.62
No improvement in iteration 21. No improvement count: 17
No improving move found, taking least bad move: (11, 20), solution cost: 319.36
No improvement in iteration 22. No improvement count: 18
No improving move found, taking least bad move: (33, -1), solution cost: 318.29
No improvement in iteration 23. No improvement count: 19
No improving move found, taking least bad move: (13, 40), solution cost: 316.70
No improvement in iteration 24. No improvement count: 20
No improving move found, taking least bad move: (42, -1), solution cost: 316.64
No improvement in iteration 25. No improvement count: 21
No improving move found, taking least bad move: (14, 41), solution cost: 313.50
No improvement in iteration 26. No improvement count: 22
No improving move found, taking least bad move: (-1, 4), solution cost: 311.81
No improvement in iteration 27. No improvement count: 23
No improving move found, taking least bad move: (19, 35), solution cost: 311.78
No improvement in iteration 28. No improvement count: 24
No improving move found, taking least bad move: (10, -1), solution cost: 311.29
No improvement in iteration 29. No improvement count: 25
No improving move found, taking least bad move: (20, 23), solution cost: 311.12
No improvement in iteration 30. No improvement count: 26
No improving move found, taking least bad move: (27, -1), solution cost: 310.97
No improvement in iteration 31. No improvement count: 27
No improving move found, taking least bad move: (22, -1), solution cost: 309.42
No improvement in iteration 32. No improvement count: 28
No improving move found, taking least bad move: (38, -1), solution cost: 296.82
No improvement in iteration 33. No improvement count: 29
No improving move found, taking least bad move: (-1, 3), solution cost: 296.63
No improvement in iteration 34. No improvement count: 30
No improving move found, taking least bad move: (-1, 14), solution cost: 290.30
No improvement in iteration 35. No improvement count: 31
No improving move found, taking least bad move: (17, -1), solution cost: 289.34
No improvement in iteration 36. No improvement count: 32
No improving move found, taking least bad move: (-1, 2), solution cost: 287.32
No improvement in iteration 37. No improvement count: 33
No improving move found, taking least bad move: (16, -1), solution cost: 285.02
No improvement in iteration 38. No improvement count: 34
No improving move found, taking least bad move: (18, -1), solution cost: 283.16
No improvement in iteration 39. No improvement count: 35
No improving move found, taking least bad move: (6, -1), solution cost: 270.38
No improvement in iteration 40. No improvement count: 36
No improving move found, taking least bad move: (-1, 5), solution cost: -inf
No improvement in iteration 41. No improvement count: 37
No improving move found, taking least bad move: (-1, 7), solution cost: -inf
No improvement in iteration 42. No improvement count: 38
No improving move found, taking least bad move: (-1, 8), solution cost: -inf
No improvement in iteration 43. No improvement count: 39
No improving move found, taking least bad move: (-1, 9), solution cost: -inf
No improvement in iteration 44. No improvement count: 40
No improving move found, taking least bad move: (-1, 13), solution cost: -inf
No improvement in iteration 45. No improvement count: 41
No improving move found, taking least bad move: (-1, 19), solution cost: -inf
No improvement in iteration 46. No improvement count: 42
No improving move found, taking least bad move: (-1, 21), solution cost: -inf
No improvement in iteration 47. No improvement count: 43
No improving move found, taking least bad move: (21, 24), solution cost: -inf
No improvement in iteration 48. No improvement count: 44
No improving move found, taking least bad move: (23, 25), solution cost: -inf
No improvement in iteration 49. No improvement count: 45
No improving move found, taking least bad move: (24, 29), solution cost: -inf
No improvement in iteration 50. No improvement count: 46
No improving move found, taking least bad move: (25, 30), solution cost: -inf
No improvement in iteration 51. No improvement count: 47
No improving move found, taking least bad move: (26, 32), solution cost: -inf
No improvement in iteration 52. No improvement count: 48
No improving move found, taking least bad move: (28, 36), solution cost: -inf
No improvement in iteration 53. No improvement count: 49
No improving move found, taking least bad move: (29, 46), solution cost: -inf
No improvement in iteration 54. No improvement count: 50
Traceback (most recent call last):
  File "C:\Users\tonio\MO824\A3\MC859-A3-G03 - Copia (4)\main.py", line 55, in <module>
    main()
  File "C:\Users\tonio\MO824\A3\MC859-A3-G03 - Copia (4)\main.py", line 48, in main
    solution = solver.solve()
               ^^^^^^^^^^^^^^
  File "C:\Users\tonio\MO824\A3\MC859-A3-G03 - Copia (4)\TabuSearch\metaheuristics\AbstractTS.py", line 254, in solve
    self.neighborhood_move()
  File "C:\Users\tonio\MO824\A3\MC859-A3-G03 - Copia (4)\TabuSearch\metaheuristics\TS.py", line 302, in neighborhood_move
    best_candidate, move = self.local_search_best(neighborhood)
                           ^^^^^^^^^^^^^^^^^^^^^^^^^^^^^^^^^^^^
  File "C:\Users\tonio\MO824\A3\MC859-A3-G03 - Copia (4)\TabuSearch\metaheuristics\TS.py", line 238, in local_search_best
    print(f'No improving move found, taking least bad move: {move}, solution cost: {least_bad.cost if least_bad else "N/A":.2f}')
                                                                                   ^^^^^^^^^^^^^^^^^^^^^^^^^^^^^^^^^^^^^^^^^^^^
ValueError: Unknown format code 'f' for object of type 'str'

--- Finished in 5.50 seconds ---
