Cost-Ratio Heuristic: found solution Solution: cost=[1197.38], size=[73], elements={0, 1, 2, 6, 7, 9, 10, 13, 14, 18, 19, 20, 21, 22, 23, 24, 25, 26, 27, 28, 29, 30, 31, 32, 33, 34, 35, 36, 37, 38, 39, 41, 42, 44, 45, 48, 49, 50, 51, 54, 55, 56, 57, 58, 59, 61, 62, 63, 64, 65, 66, 67, 68, 71, 73, 75, 76, 78, 80, 81, 82, 85, 86, 87, 88, 89, 90, 91, 92, 93, 96, 98, 99}
No improving move found, taking least bad move: (0, 50), solution cost: 1221.67
(Iter. 0) best_sol = Solution: cost=[1221.67], size=[72], elements={0, 1, 2, 6, 7, 9, 10, 13, 14, 18, 19, 20, 21, 22, 23, 24, 25, 26, 27, 28, 29, 30, 31, 32, 33, 34, 35, 36, 37, 38, 39, 41, 42, 44, 45, 48, 49, 51, 54, 55, 56, 57, 58, 59, 61, 62, 63, 64, 65, 66, 67, 68, 71, 73, 75, 76, 78, 80, 81, 82, 85, 86, 87, 88, 89, 90, 91, 92, 93, 96, 98, 99}
No improving move found, taking least bad move: (0, 21), solution cost: 1229.09
(Iter. 1) best_sol = Solution: cost=[1229.09], size=[71], elements={0, 1, 2, 6, 7, 9, 10, 13, 14, 18, 19, 20, 22, 23, 24, 25, 26, 27, 28, 29, 30, 31, 32, 33, 34, 35, 36, 37, 38, 39, 41, 42, 44, 45, 48, 49, 51, 54, 55, 56, 57, 58, 59, 61, 62, 63, 64, 65, 66, 67, 68, 71, 73, 75, 76, 78, 80, 81, 82, 85, 86, 87, 88, 89, 90, 91, 92, 93, 96, 98, 99}
No improving move found, taking least bad move: (0, 80), solution cost: 1234.68
(Iter. 2) best_sol = Solution: cost=[1234.68], size=[70], elements={0, 1, 2, 6, 7, 9, 10, 13, 14, 18, 19, 20, 22, 23, 24, 25, 26, 27, 28, 29, 30, 31, 32, 33, 34, 35, 36, 37, 38, 39, 41, 42, 44, 45, 48, 49, 51, 54, 55, 56, 57, 58, 59, 61, 62, 63, 64, 65, 66, 67, 68, 71, 73, 75, 76, 78, 81, 82, 85, 86, 87, 88, 89, 90, 91, 92, 93, 96, 98, 99}
No improving move found, taking least bad move: (0, 91), solution cost: 1235.76
(Iter. 3) best_sol = Solution: cost=[1235.76], size=[69], elements={0, 1, 2, 6, 7, 9, 10, 13, 14, 18, 19, 20, 22, 23, 24, 25, 26, 27, 28, 29, 30, 31, 32, 33, 34, 35, 36, 37, 38, 39, 41, 42, 44, 45, 48, 49, 51, 54, 55, 56, 57, 58, 59, 61, 62, 63, 64, 65, 66, 67, 68, 71, 73, 75, 76, 78, 81, 82, 85, 86, 87, 88, 89, 90, 92, 93, 96, 98, 99}
No improving move found, taking least bad move: (91, -1), solution cost: 1234.68
No improvement in iteration 4. No improvement count: 1
No improving move found, taking least bad move: (1, 63), solution cost: 1233.77
No improvement in iteration 5. No improvement count: 2
No improving move found, taking least bad move: (2, 73), solution cost: 1233.17
No improvement in iteration 6. No improvement count: 3
No improving move found, taking least bad move: (6, 99), solution cost: 1233.05
No improvement in iteration 7. No improvement count: 4
No improving move found, taking least bad move: (77, -1), solution cost: 1230.94
No improvement in iteration 8. No improvement count: 5
No improving move found, taking least bad move: (74, -1), solution cost: 1230.71
No improvement in iteration 9. No improvement count: 6
No improving move found, taking least bad move: (80, -1), solution cost: 1230.17
No improvement in iteration 10. No improvement count: 7
No improving move found, taking least bad move: (97, -1), solution cost: 1229.14
No improvement in iteration 11. No improvement count: 8
No improving move found, taking least bad move: (7, 55), solution cost: 1229.11
No improvement in iteration 12. No improvement count: 9
No improving move found, taking least bad move: (79, -1), solution cost: 1228.95
No improvement in iteration 13. No improvement count: 10
No improving move found, taking least bad move: (21, -1), solution cost: 1228.34
No improvement in iteration 14. No improvement count: 11
No improving move found, taking least bad move: (9, 81), solution cost: 1227.66
No improvement in iteration 15. No improvement count: 12
No improving move found, taking least bad move: (94, -1), solution cost: 1226.55
No improvement in iteration 16. No improvement count: 13
No improving move found, taking least bad move: (10, 98), solution cost: 1226.41
No improvement in iteration 17. No improvement count: 14
No improving move found, taking least bad move: (13, 89), solution cost: 1225.52
No improvement in iteration 18. No improvement count: 15
No improving move found, taking least bad move: (14, 44), solution cost: 1224.61
No improvement in iteration 19. No improvement count: 16
No improving move found, taking least bad move: (95, -1), solution cost: 1224.57
No improvement in iteration 20. No improvement count: 17
No improving move found, taking least bad move: (84, -1), solution cost: 1224.47
No improvement in iteration 21. No improvement count: 18
No improving move found, taking least bad move: (69, -1), solution cost: 1223.72
No improvement in iteration 22. No improvement count: 19
No improving move found, taking least bad move: (18, 93), solution cost: 1223.43
No improvement in iteration 23. No improvement count: 20
No improving move found, taking least bad move: (70, -1), solution cost: 1222.93
No improvement in iteration 24. No improvement count: 21
No improving move found, taking least bad move: (19, 22), solution cost: 1222.72
No improvement in iteration 25. No improvement count: 22
No improving move found, taking least bad move: (20, 57), solution cost: 1222.62
No improvement in iteration 26. No improvement count: 23
No improving move found, taking least bad move: (22, 26), solution cost: 1222.60
No improvement in iteration 27. No improvement count: 24
No improving move found, taking least bad move: (23, 78), solution cost: 1221.46
No improvement in iteration 28. No improvement count: 25
No improving move found, taking least bad move: (24, 58), solution cost: 1221.10
No improvement in iteration 29. No improvement count: 26
No improving move found, taking least bad move: (40, -1), solution cost: 1220.64
No improvement in iteration 30. No improvement count: 27
No improving move found, taking least bad move: (25, 90), solution cost: 1220.56
No improvement in iteration 31. No improvement count: 28
No improving move found, taking least bad move: (26, 36), solution cost: 1220.48
No improvement in iteration 32. No improvement count: 29
No improving move found, taking least bad move: (27, 66), solution cost: 1219.94
No improvement in iteration 33. No improvement count: 30
No improving move found, taking least bad move: (-1, 1), solution cost: 1219.46
No improvement in iteration 34. No improvement count: 31
No improving move found, taking least bad move: (28, 92), solution cost: 1219.16
No improvement in iteration 35. No improvement count: 32
No improving move found, taking least bad move: (47, -1), solution cost: 1218.06
No improvement in iteration 36. No improvement count: 33
No improving move found, taking least bad move: (29, 85), solution cost: 1217.85
No improvement in iteration 37. No improvement count: 34
No improving move found, taking least bad move: (-1, 9), solution cost: 1217.73
No improvement in iteration 38. No improvement count: 35
No improving move found, taking least bad move: (30, 33), solution cost: 1216.61
No improvement in iteration 39. No improvement count: 36
No improving move found, taking least bad move: (-1, 20), solution cost: 1216.44
No improvement in iteration 40. No improvement count: 37
No improving move found, taking least bad move: (31, 34), solution cost: 1215.24
No improvement in iteration 41. No improvement count: 38
No improving move found, taking least bad move: (83, -1), solution cost: 1214.44
No improvement in iteration 42. No improvement count: 39
No improving move found, taking least bad move: (60, -1), solution cost: 1214.15
No improvement in iteration 43. No improvement count: 40
No improving move found, taking least bad move: (52, -1), solution cost: 1214.08
No improvement in iteration 44. No improvement count: 41
No improving move found, taking least bad move: (32, 86), solution cost: 1212.59
No improvement in iteration 45. No improvement count: 42
No improving move found, taking least bad move: (43, -1), solution cost: 1212.33
No improvement in iteration 46. No improvement count: 43
No improving move found, taking least bad move: (33, 88), solution cost: 1211.44
No improvement in iteration 47. No improvement count: 44
No improving move found, taking least bad move: (34, 61), solution cost: 1210.16
No improvement in iteration 48. No improvement count: 45
No improving move found, taking least bad move: (35, 51), solution cost: 1209.53
No improvement in iteration 49. No improvement count: 46
No improving move found, taking least bad move: (-1, 27), solution cost: 1209.37
No improvement in iteration 50. No improvement count: 47
No improving move found, taking least bad move: (36, 49), solution cost: 1209.32
No improvement in iteration 51. No improvement count: 48
No improving move found, taking least bad move: (37, 71), solution cost: 1208.56
No improvement in iteration 52. No improvement count: 49
No improving move found, taking least bad move: (38, 59), solution cost: 1207.12
No improvement in iteration 53. No improvement count: 50
No improving move found, taking least bad move: (53, -1), solution cost: 1207.03
No improvement in iteration 54. No improvement count: 51
No improving move found, taking least bad move: (50, -1), solution cost: 1206.78
No improvement in iteration 55. No improvement count: 52
No improving move found, taking least bad move: (-1, 31), solution cost: 1206.20
No improvement in iteration 56. No improvement count: 53
No improving move found, taking least bad move: (72, -1), solution cost: 1206.01
No improvement in iteration 57. No improvement count: 54
No improving move found, taking least bad move: (16, -1), solution cost: 1204.80
No improvement in iteration 58. No improvement count: 55
No improving move found, taking least bad move: (39, 42), solution cost: 1200.57
No improvement in iteration 59. No improvement count: 56
No improving move found, taking least bad move: (-1, 24), solution cost: 1199.16
No improvement in iteration 60. No improvement count: 57
No improving move found, taking least bad move: (41, 75), solution cost: 1199.00
No improvement in iteration 61. No improvement count: 58
No improving move found, taking least bad move: (46, -1), solution cost: 1195.87
No improvement in iteration 62. No improvement count: 59
No improving move found, taking least bad move: (42, 45), solution cost: 1194.63
No improvement in iteration 63. No improvement count: 60
No improving move found, taking least bad move: (-1, 39), solution cost: 1194.12
No improvement in iteration 64. No improvement count: 61
No improving move found, taking least bad move: (-1, 13), solution cost: 1193.74
No improvement in iteration 65. No improvement count: 62
No improving move found, taking least bad move: (-1, 7), solution cost: 1192.87
No improvement in iteration 66. No improvement count: 63
No improving move found, taking least bad move: (-1, 32), solution cost: 1191.34
No improvement in iteration 67. No improvement count: 64
No improving move found, taking least bad move: (3, -1), solution cost: 1186.40
No improvement in iteration 68. No improvement count: 65
No improving move found, taking least bad move: (5, -1), solution cost: 1185.85
No improvement in iteration 69. No improvement count: 66
No improving move found, taking least bad move: (-1, 14), solution cost: 1180.66
No improvement in iteration 70. No improvement count: 67
No improving move found, taking least bad move: (44, 65), solution cost: 1180.17
No improvement in iteration 71. No improvement count: 68
No improving move found, taking least bad move: (-1, 41), solution cost: 1179.41
No improvement in iteration 72. No improvement count: 69
No improving move found, taking least bad move: (4, -1), solution cost: 1178.38
No improvement in iteration 73. No improvement count: 70
No improving move found, taking least bad move: (45, 67), solution cost: 1177.22
No improvement in iteration 74. No improvement count: 71
No improving move found, taking least bad move: (12, -1), solution cost: 1175.58
No improvement in iteration 75. No improvement count: 72
No improving move found, taking least bad move: (48, 56), solution cost: 1174.00
No improvement in iteration 76. No improvement count: 73
No improving move found, taking least bad move: (-1, 30), solution cost: 1172.89
No improvement in iteration 77. No improvement count: 74
No improving move found, taking least bad move: (-1, 10), solution cost: 1171.14
No improvement in iteration 78. No improvement count: 75
No improving move found, taking least bad move: (-1, 2), solution cost: 1169.62
No improvement in iteration 79. No improvement count: 76
No improving move found, taking least bad move: (11, -1), solution cost: 1166.53
No improvement in iteration 80. No improvement count: 77
No improving move found, taking least bad move: (49, 62), solution cost: 1164.90
No improvement in iteration 81. No improvement count: 78
No improving move found, taking least bad move: (8, -1), solution cost: 1163.02
No improvement in iteration 82. No improvement count: 79
No improving move found, taking least bad move: (-1, 29), solution cost: 1162.41
No improvement in iteration 83. No improvement count: 80
No improving move found, taking least bad move: (15, -1), solution cost: 1154.01
No improvement in iteration 84. No improvement count: 81
No improving move found, taking least bad move: (-1, 23), solution cost: 1150.11
No improvement in iteration 85. No improvement count: 82
No improving move found, taking least bad move: (-1, 0), solution cost: 1147.35
No improvement in iteration 86. No improvement count: 83
No improving move found, taking least bad move: (-1, 35), solution cost: 1140.89
No improvement in iteration 87. No improvement count: 84
No improving move found, taking least bad move: (-1, 19), solution cost: 1126.12
No improvement in iteration 88. No improvement count: 85
No improving move found, taking least bad move: (17, -1), solution cost: 1119.39
No improvement in iteration 89. No improvement count: 86
No improving move found, taking least bad move: (-1, 6), solution cost: 1090.03
No improvement in iteration 90. No improvement count: 87
No improving move found, taking least bad move: (-1, 18), solution cost: -inf
No improvement in iteration 91. No improvement count: 88
No improving move found, taking least bad move: (-1, 25), solution cost: -inf
No improvement in iteration 92. No improvement count: 89
No improving move found, taking least bad move: (-1, 28), solution cost: -inf
No improvement in iteration 93. No improvement count: 90
No improving move found, taking least bad move: (-1, 37), solution cost: -inf
No improvement in iteration 94. No improvement count: 91
No improving move found, taking least bad move: (-1, 38), solution cost: -inf
No improvement in iteration 95. No improvement count: 92
No improving move found, taking least bad move: (-1, 48), solution cost: -inf
No improvement in iteration 96. No improvement count: 93
No improving move found, taking least bad move: (51, 54), solution cost: -inf
No improvement in iteration 97. No improvement count: 94
No improving move found, taking least bad move: (54, 64), solution cost: -inf
No improvement in iteration 98. No improvement count: 95
No improving move found, taking least bad move: (55, 68), solution cost: -inf
No improvement in iteration 99. No improvement count: 96
No improving move found, taking least bad move: (56, 76), solution cost: -inf
No improvement in iteration 100. No improvement count: 97
No improving move found, taking least bad move: (57, 82), solution cost: -inf
No improvement in iteration 101. No improvement count: 98
No improving move found, taking least bad move: (58, 87), solution cost: -inf
No improvement in iteration 102. No improvement count: 99
No improving move found, taking least bad move: (59, 96), solution cost: -inf
No improvement in iteration 103. No improvement count: 100
Traceback (most recent call last):
  File "C:\Users\tonio\MO824\A3\MC859-A3-G03 - Copia (4)\main.py", line 55, in <module>
    main()
  File "C:\Users\tonio\MO824\A3\MC859-A3-G03 - Copia (4)\main.py", line 48, in main
    solution = solver.solve()
               ^^^^^^^^^^^^^^
  File "C:\Users\tonio\MO824\A3\MC859-A3-G03 - Copia (4)\TabuSearch\metaheuristics\AbstractTS.py", line 254, in solve
    self.neighborhood_move()
  File "C:\Users\tonio\MO824\A3\MC859-A3-G03 - Copia (4)\TabuSearch\metaheuristics\TS.py", line 302, in neighborhood_move
    best_candidate, move = self.local_search_best(neighborhood)
                           ^^^^^^^^^^^^^^^^^^^^^^^^^^^^^^^^^^^^
  File "C:\Users\tonio\MO824\A3\MC859-A3-G03 - Copia (4)\TabuSearch\metaheuristics\TS.py", line 238, in local_search_best
    print(f'No improving move found, taking least bad move: {move}, solution cost: {least_bad.cost if least_bad else "N/A":.2f}')
                                                                                   ^^^^^^^^^^^^^^^^^^^^^^^^^^^^^^^^^^^^^^^^^^^^
ValueError: Unknown format code 'f' for object of type 'str'

--- Finished in 20.80 seconds ---
