Cost-Ratio Heuristic: found solution Solution: cost=[261.65], size=[46], elements={1, 2, 3, 4, 6, 7, 9, 10, 11, 12, 13, 14, 16, 17, 18, 19, 20, 21, 22, 23, 24, 25, 26, 27, 28, 29, 30, 31, 32, 33, 34, 35, 36, 37, 38, 39, 40, 41, 42, 43, 44, 45, 46, 47, 48, 49}
No improving move found, taking least bad move: (1, 9), solution cost: 293.13
(Iter. 0) best_sol = Solution: cost=[293.13], size=[45], elements={1, 2, 3, 4, 6, 7, 10, 11, 12, 13, 14, 16, 17, 18, 19, 20, 21, 22, 23, 24, 25, 26, 27, 28, 29, 30, 31, 32, 33, 34, 35, 36, 37, 38, 39, 40, 41, 42, 43, 44, 45, 46, 47, 48, 49}
No improving move found, taking least bad move: (1, 22), solution cost: 309.59
(Iter. 1) best_sol = Solution: cost=[309.59], size=[44], elements={1, 2, 3, 4, 6, 7, 10, 11, 12, 13, 14, 16, 17, 18, 19, 20, 21, 23, 24, 25, 26, 27, 28, 29, 30, 31, 32, 33, 34, 35, 36, 37, 38, 39, 40, 41, 42, 43, 44, 45, 46, 47, 48, 49}
No improving move found, taking least bad move: (1, 20), solution cost: 316.26
(Iter. 2) best_sol = Solution: cost=[316.26], size=[43], elements={1, 2, 3, 4, 6, 7, 10, 11, 12, 13, 14, 16, 17, 18, 19, 21, 23, 24, 25, 26, 27, 28, 29, 30, 31, 32, 33, 34, 35, 36, 37, 38, 39, 40, 41, 42, 43, 44, 45, 46, 47, 48, 49}
No improving move found, taking least bad move: (1, 37), solution cost: 321.32
(Iter. 3) best_sol = Solution: cost=[321.32], size=[42], elements={1, 2, 3, 4, 6, 7, 10, 11, 12, 13, 14, 16, 17, 18, 19, 21, 23, 24, 25, 26, 27, 28, 29, 30, 31, 32, 33, 34, 35, 36, 38, 39, 40, 41, 42, 43, 44, 45, 46, 47, 48, 49}
No improving move found, taking least bad move: (1, 44), solution cost: 325.84
(Iter. 4) best_sol = Solution: cost=[325.84], size=[41], elements={1, 2, 3, 4, 6, 7, 10, 11, 12, 13, 14, 16, 17, 18, 19, 21, 23, 24, 25, 26, 27, 28, 29, 30, 31, 32, 33, 34, 35, 36, 38, 39, 40, 41, 42, 43, 45, 46, 47, 48, 49}
No improving move found, taking least bad move: (1, 33), solution cost: 330.08
(Iter. 5) best_sol = Solution: cost=[330.08], size=[40], elements={1, 2, 3, 4, 6, 7, 10, 11, 12, 13, 14, 16, 17, 18, 19, 21, 23, 24, 25, 26, 27, 28, 29, 30, 31, 32, 34, 35, 36, 38, 39, 40, 41, 42, 43, 45, 46, 47, 48, 49}
No improving move found, taking least bad move: (1, 45), solution cost: 332.33
(Iter. 6) best_sol = Solution: cost=[332.33], size=[39], elements={1, 2, 3, 4, 6, 7, 10, 11, 12, 13, 14, 16, 17, 18, 19, 21, 23, 24, 25, 26, 27, 28, 29, 30, 31, 32, 34, 35, 36, 38, 39, 40, 41, 42, 43, 46, 47, 48, 49}
No improving move found, taking least bad move: (1, 38), solution cost: 332.68
(Iter. 7) best_sol = Solution: cost=[332.68], size=[38], elements={1, 2, 3, 4, 6, 7, 10, 11, 12, 13, 14, 16, 17, 18, 19, 21, 23, 24, 25, 26, 27, 28, 29, 30, 31, 32, 34, 35, 36, 39, 40, 41, 42, 43, 46, 47, 48, 49}
No improving move found, taking least bad move: (2, 49), solution cost: 332.68
No improvement in iteration 8. No improvement count: 1
No improving move found, taking least bad move: (38, -1), solution cost: 332.33
No improvement in iteration 9. No improvement count: 2
No improving move found, taking least bad move: (3, 47), solution cost: 330.74
No improvement in iteration 10. No improvement count: 3
No improving move found, taking least bad move: (45, -1), solution cost: 330.43
No improvement in iteration 11. No improvement count: 4
No improving move found, taking least bad move: (33, -1), solution cost: 328.44
No improvement in iteration 12. No improvement count: 5
No improving move found, taking least bad move: (44, -1), solution cost: 328.16
No improvement in iteration 13. No improvement count: 6
No improving move found, taking least bad move: (37, -1), solution cost: 327.62
No improvement in iteration 14. No improvement count: 7
No improving move found, taking least bad move: (4, 36), solution cost: 326.05
No improvement in iteration 15. No improvement count: 8
No improving move found, taking least bad move: (20, -1), solution cost: 326.01
No improvement in iteration 16. No improvement count: 9
No improving move found, taking least bad move: (6, 25), solution cost: 324.98
No improvement in iteration 17. No improvement count: 10
No improving move found, taking least bad move: (22, -1), solution cost: 324.84
No improvement in iteration 18. No improvement count: 11
No improving move found, taking least bad move: (7, 46), solution cost: 320.62
No improvement in iteration 19. No improvement count: 12
No improving move found, taking least bad move: (10, 39), solution cost: 319.29
No improvement in iteration 20. No improvement count: 13
No improving move found, taking least bad move: (11, 18), solution cost: 316.68
No improvement in iteration 21. No improvement count: 14
No improving move found, taking least bad move: (-1, 10), solution cost: 316.12
No improvement in iteration 22. No improvement count: 15
No improving move found, taking least bad move: (12, 28), solution cost: 315.30
No improvement in iteration 23. No improvement count: 16
No improving move found, taking least bad move: (0, -1), solution cost: 314.85
No improvement in iteration 24. No improvement count: 17
No improving move found, taking least bad move: (13, 26), solution cost: 314.41
No improvement in iteration 25. No improvement count: 18
No improving move found, taking least bad move: (14, 43), solution cost: 313.19
No improvement in iteration 26. No improvement count: 19
No improving move found, taking least bad move: (16, 17), solution cost: 313.01
No improvement in iteration 27. No improvement count: 20
No improving move found, taking least bad move: (17, 21), solution cost: 312.89
No improvement in iteration 28. No improvement count: 21
No improving move found, taking least bad move: (9, -1), solution cost: 311.77
No improvement in iteration 29. No improvement count: 22
No improving move found, taking least bad move: (18, 41), solution cost: 311.47
No improvement in iteration 30. No improvement count: 23
No improving move found, taking least bad move: (15, -1), solution cost: 309.37
No improvement in iteration 31. No improvement count: 24
No improving move found, taking least bad move: (-1, 1), solution cost: 309.33
No improvement in iteration 32. No improvement count: 25
No improving move found, taking least bad move: (19, 35), solution cost: 305.54
No improvement in iteration 33. No improvement count: 26
No improving move found, taking least bad move: (21, 24), solution cost: 304.68
No improvement in iteration 34. No improvement count: 27
No improving move found, taking least bad move: (23, 29), solution cost: 303.93
No improvement in iteration 35. No improvement count: 28
No improving move found, taking least bad move: (8, -1), solution cost: 295.46
No improvement in iteration 36. No improvement count: 29
No improving move found, taking least bad move: (-1, 2), solution cost: 283.77
No improvement in iteration 37. No improvement count: 30
No improving move found, taking least bad move: (-1, 13), solution cost: 281.57
No improvement in iteration 38. No improvement count: 31
No improving move found, taking least bad move: (-1, 23), solution cost: 274.00
No improvement in iteration 39. No improvement count: 32
No improving move found, taking least bad move: (-1, 4), solution cost: 269.95
No improvement in iteration 40. No improvement count: 33
No improving move found, taking least bad move: (5, -1), solution cost: 258.32
No improvement in iteration 41. No improvement count: 34
No improving move found, taking least bad move: (-1, 3), solution cost: 252.97
No improvement in iteration 42. No improvement count: 35
No improving move found, taking least bad move: (-1, 6), solution cost: -inf
No improvement in iteration 43. No improvement count: 36
No improving move found, taking least bad move: (-1, 7), solution cost: -inf
No improvement in iteration 44. No improvement count: 37
No improving move found, taking least bad move: (-1, 11), solution cost: -inf
No improvement in iteration 45. No improvement count: 38
No improving move found, taking least bad move: (-1, 12), solution cost: -inf
No improvement in iteration 46. No improvement count: 39
No improving move found, taking least bad move: (-1, 14), solution cost: -inf
No improvement in iteration 47. No improvement count: 40
No improving move found, taking least bad move: (-1, 16), solution cost: -inf
No improvement in iteration 48. No improvement count: 41
No improving move found, taking least bad move: (-1, 19), solution cost: -inf
No improvement in iteration 49. No improvement count: 42
No improving move found, taking least bad move: (24, 27), solution cost: -inf
No improvement in iteration 50. No improvement count: 43
No improving move found, taking least bad move: (25, 30), solution cost: -inf
No improvement in iteration 51. No improvement count: 44
No improving move found, taking least bad move: (26, 31), solution cost: -inf
No improvement in iteration 52. No improvement count: 45
No improving move found, taking least bad move: (27, 32), solution cost: -inf
No improvement in iteration 53. No improvement count: 46
No improving move found, taking least bad move: (28, 34), solution cost: -inf
No improvement in iteration 54. No improvement count: 47
No improving move found, taking least bad move: (29, 40), solution cost: -inf
No improvement in iteration 55. No improvement count: 48
No improving move found, taking least bad move: (30, 42), solution cost: -inf
No improvement in iteration 56. No improvement count: 49
No improving move found, taking least bad move: (31, 48), solution cost: -inf
No improvement in iteration 57. No improvement count: 50
Traceback (most recent call last):
  File "C:\Users\tonio\MO824\A3\MC859-A3-G03 - Copia (4)\main.py", line 55, in <module>
    main()
  File "C:\Users\tonio\MO824\A3\MC859-A3-G03 - Copia (4)\main.py", line 48, in main
    solution = solver.solve()
               ^^^^^^^^^^^^^^
  File "C:\Users\tonio\MO824\A3\MC859-A3-G03 - Copia (4)\TabuSearch\metaheuristics\AbstractTS.py", line 254, in solve
    self.neighborhood_move()
  File "C:\Users\tonio\MO824\A3\MC859-A3-G03 - Copia (4)\TabuSearch\metaheuristics\TS.py", line 302, in neighborhood_move
    best_candidate, move = self.local_search_best(neighborhood)
                           ^^^^^^^^^^^^^^^^^^^^^^^^^^^^^^^^^^^^
  File "C:\Users\tonio\MO824\A3\MC859-A3-G03 - Copia (4)\TabuSearch\metaheuristics\TS.py", line 238, in local_search_best
    print(f'No improving move found, taking least bad move: {move}, solution cost: {least_bad.cost if least_bad else "N/A":.2f}')
                                                                                   ^^^^^^^^^^^^^^^^^^^^^^^^^^^^^^^^^^^^^^^^^^^^
ValueError: Unknown format code 'f' for object of type 'str'

--- Finished in 7.21 seconds ---
