Cost-Ratio Heuristic: found solution Solution: cost=[123.38], size=[23], elements={0, 2, 3, 4, 5, 6, 7, 8, 9, 10, 11, 12, 13, 14, 16, 17, 18, 19, 20, 21, 22, 23, 24}
No improving move found, taking least bad move: (0, 11), solution cost: 129.17
(Iter. 0) best_sol = Solution: cost=[129.17], size=[22], elements={0, 2, 3, 4, 5, 6, 7, 8, 9, 10, 12, 13, 14, 16, 17, 18, 19, 20, 21, 22, 23, 24}
No improving move found, taking least bad move: (0, 20), solution cost: 132.37
(Iter. 1) best_sol = Solution: cost=[132.37], size=[21], elements={0, 2, 3, 4, 5, 6, 7, 8, 9, 10, 12, 13, 14, 16, 17, 18, 19, 21, 22, 23, 24}
No improving move found, taking least bad move: (0, 17), solution cost: 133.36
(Iter. 2) best_sol = Solution: cost=[133.36], size=[20], elements={0, 2, 3, 4, 5, 6, 7, 8, 9, 10, 12, 13, 14, 16, 18, 19, 21, 22, 23, 24}
No improving move found, taking least bad move: (0, 2), solution cost: 134.64
(Iter. 3) best_sol = Solution: cost=[134.64], size=[19], elements={0, 3, 4, 5, 6, 7, 8, 9, 10, 12, 13, 14, 16, 18, 19, 21, 22, 23, 24}
No improving move found, taking least bad move: (0, 22), solution cost: 137.39
(Iter. 4) best_sol = Solution: cost=[137.39], size=[18], elements={0, 3, 4, 5, 6, 7, 8, 9, 10, 12, 13, 14, 16, 18, 19, 21, 23, 24}
No improving move found, taking least bad move: (22, -1), solution cost: 134.64
No improvement in iteration 5. No improvement count: 1
No improving move found, taking least bad move: (-1, 3), solution cost: 132.69
No improvement in iteration 6. No improvement count: 2
No improving move found, taking least bad move: (2, -1), solution cost: 132.17
No improvement in iteration 7. No improvement count: 3
No improving move found, taking least bad move: (3, 9), solution cost: 130.57
No improvement in iteration 8. No improvement count: 4
No improving move found, taking least bad move: (4, 14), solution cost: 129.95
No improvement in iteration 9. No improvement count: 5
No improving move found, taking least bad move: (17, -1), solution cost: 129.60
No improvement in iteration 10. No improvement count: 6
No improving move found, taking least bad move: (5, 24), solution cost: 129.45
No improvement in iteration 11. No improvement count: 7
No improving move found, taking least bad move: (6, 19), solution cost: 128.68
No improvement in iteration 12. No improvement count: 8
No improving move found, taking least bad move: (20, -1), solution cost: 128.31
No improvement in iteration 13. No improvement count: 9
No improving move found, taking least bad move: (7, 10), solution cost: 126.61
No improvement in iteration 14. No improvement count: 10
No improving move found, taking least bad move: (1, -1), solution cost: 126.46
No improvement in iteration 15. No improvement count: 11
No improving move found, taking least bad move: (15, -1), solution cost: 125.90
No improvement in iteration 16. No improvement count: 12
No improving move found, taking least bad move: (11, -1), solution cost: 125.57
No improvement in iteration 17. No improvement count: 13
No improving move found, taking least bad move: (8, 16), solution cost: 123.74
No improvement in iteration 18. No improvement count: 14
No improving move found, taking least bad move: (9, 13), solution cost: 122.62
No improvement in iteration 19. No improvement count: 15
No improving move found, taking least bad move: (10, 12), solution cost: 120.34
No improvement in iteration 20. No improvement count: 16
No improving move found, taking least bad move: (-1, 8), solution cost: 118.11
No improvement in iteration 21. No improvement count: 17
No improving move found, taking least bad move: (-1, 4), solution cost: 114.98
No improvement in iteration 22. No improvement count: 18
No improving move found, taking least bad move: (-1, 0), solution cost: 100.07
No improvement in iteration 23. No improvement count: 19
No improving move found, taking least bad move: (-1, 6), solution cost: 96.26
No improvement in iteration 24. No improvement count: 20
No improving move found, taking least bad move: (-1, 5), solution cost: 90.84
No improvement in iteration 25. No improvement count: 21
No improving move found, taking least bad move: (-1, 7), solution cost: -inf
No improvement in iteration 26. No improvement count: 22
No improving move found, taking least bad move: (12, 18), solution cost: -inf
No improvement in iteration 27. No improvement count: 23
No improving move found, taking least bad move: (13, 21), solution cost: -inf
No improvement in iteration 28. No improvement count: 24
No improving move found, taking least bad move: (14, 23), solution cost: -inf
No improvement in iteration 29. No improvement count: 25
Traceback (most recent call last):
  File "C:\Users\tonio\MO824\A3\MC859-A3-G03 - Copia (4)\main.py", line 55, in <module>
    main()
  File "C:\Users\tonio\MO824\A3\MC859-A3-G03 - Copia (4)\main.py", line 48, in main
    solution = solver.solve()
               ^^^^^^^^^^^^^^
  File "C:\Users\tonio\MO824\A3\MC859-A3-G03 - Copia (4)\TabuSearch\metaheuristics\AbstractTS.py", line 254, in solve
    self.neighborhood_move()
  File "C:\Users\tonio\MO824\A3\MC859-A3-G03 - Copia (4)\TabuSearch\metaheuristics\TS.py", line 302, in neighborhood_move
    best_candidate, move = self.local_search_best(neighborhood)
                           ^^^^^^^^^^^^^^^^^^^^^^^^^^^^^^^^^^^^
  File "C:\Users\tonio\MO824\A3\MC859-A3-G03 - Copia (4)\TabuSearch\metaheuristics\TS.py", line 238, in local_search_best
    print(f'No improving move found, taking least bad move: {move}, solution cost: {least_bad.cost if least_bad else "N/A":.2f}')
                                                                                   ^^^^^^^^^^^^^^^^^^^^^^^^^^^^^^^^^^^^^^^^^^^^
ValueError: Unknown format code 'f' for object of type 'str'

--- Finished in 0.28 seconds ---
