Cost-Ratio Heuristic: found solution Solution: cost=[100.87], size=[8], elements={2, 3, 4, 9, 12, 14, 15, 17}
No improving move found, taking least bad move: (8, -1), solution cost: 108.05
(Iter. 0) best_sol = Solution: cost=[108.05], size=[9], elements={2, 3, 4, 8, 9, 12, 14, 15, 17}
No improving move found, taking least bad move: (16, -1), solution cost: 122.27
(Iter. 1) best_sol = Solution: cost=[122.27], size=[10], elements={2, 3, 4, 8, 9, 12, 14, 15, 16, 17}
No improving move found, taking least bad move: (1, -1), solution cost: 136.78
(Iter. 2) best_sol = Solution: cost=[136.78], size=[11], elements={1, 2, 3, 4, 8, 9, 12, 14, 15, 16, 17}
No improving move found, taking least bad move: (20, -1), solution cost: 146.62
(Iter. 3) best_sol = Solution: cost=[146.62], size=[12], elements={1, 2, 3, 4, 8, 9, 12, 14, 15, 16, 17, 20}
No improving move found, taking least bad move: (22, -1), solution cost: 154.11
(Iter. 4) best_sol = Solution: cost=[154.11], size=[13], elements={1, 2, 3, 4, 8, 9, 12, 14, 15, 16, 17, 20, 22}
No improving move found, taking least bad move: (6, -1), solution cost: 158.01
(Iter. 5) best_sol = Solution: cost=[158.01], size=[14], elements={1, 2, 3, 4, 6, 8, 9, 12, 14, 15, 16, 17, 20, 22}
No improving move found, taking least bad move: (24, -1), solution cost: 158.01
No improvement in iteration 6. No improvement count: 1
No improving move found, taking least bad move: (18, 6), solution cost: 156.89
No improvement in iteration 7. No improvement count: 2
No improving move found, taking least bad move: (23, -1), solution cost: 155.41
No improvement in iteration 8. No improvement count: 3
No improving move found, taking least bad move: (1, 6), solution cost: 154.11
No improvement in iteration 9. No improvement count: 4
No improving move found, taking least bad move: (2, 6), solution cost: 154.11
No improvement in iteration 10. No improvement count: 5
No improving move found, taking least bad move: (3, 6), solution cost: 154.11
No improvement in iteration 11. No improvement count: 6
No improving move found, taking least bad move: (4, 6), solution cost: 154.11
No improvement in iteration 12. No improvement count: 7
No improving move found, taking least bad move: (-1, 6), solution cost: 154.11
No improvement in iteration 13. No improvement count: 8
No improving move found, taking least bad move: (8, 6), solution cost: 154.11
No improvement in iteration 14. No improvement count: 9
No improving move found, taking least bad move: (9, 6), solution cost: 154.11
No improvement in iteration 15. No improvement count: 10
No improving move found, taking least bad move: (12, 6), solution cost: 154.11
No improvement in iteration 16. No improvement count: 11
No improving move found, taking least bad move: (14, 6), solution cost: 154.11
No improvement in iteration 17. No improvement count: 12
No improving move found, taking least bad move: (15, 6), solution cost: 154.11
No improvement in iteration 18. No improvement count: 13
No improving move found, taking least bad move: (16, 6), solution cost: 154.11
No improvement in iteration 19. No improvement count: 14
No improving move found, taking least bad move: (17, 6), solution cost: 154.11
No improvement in iteration 20. No improvement count: 15
No improving move found, taking least bad move: (20, 6), solution cost: 154.11
No improvement in iteration 21. No improvement count: 16
No improving move found, taking least bad move: (22, 6), solution cost: 154.11
No improvement in iteration 22. No improvement count: 17
No improving move found, taking least bad move: (24, 6), solution cost: 154.11
No improvement in iteration 23. No improvement count: 18
No improving move found, taking least bad move: (18, -1), solution cost: 153.57
No improvement in iteration 24. No improvement count: 19
No improving move found, taking least bad move: (10, -1), solution cost: 152.89
No improvement in iteration 25. No improvement count: 20
No improving move found, taking least bad move: (23, 6), solution cost: 151.51
No improvement in iteration 26. No improvement count: 21
No improving move found, taking least bad move: (1, 22), solution cost: 150.52
No improvement in iteration 27. No improvement count: 22
No improving move found, taking least bad move: (2, 22), solution cost: 150.52
No improvement in iteration 28. No improvement count: 23
No improving move found, taking least bad move: (3, 22), solution cost: 150.52
No improvement in iteration 29. No improvement count: 24
No improving move found, taking least bad move: (4, 22), solution cost: 150.52
No improvement in iteration 30. No improvement count: 25
No improving move found, taking least bad move: (6, 22), solution cost: 150.52
No improvement in iteration 31. No improvement count: 26
No improving move found, taking least bad move: (8, 22), solution cost: 150.52
No improvement in iteration 32. No improvement count: 27
No improving move found, taking least bad move: (9, 22), solution cost: 150.52
No improvement in iteration 33. No improvement count: 28
No improving move found, taking least bad move: (12, 22), solution cost: 150.52
No improvement in iteration 34. No improvement count: 29
No improving move found, taking least bad move: (14, 22), solution cost: 150.52
No improvement in iteration 35. No improvement count: 30
No improving move found, taking least bad move: (15, 22), solution cost: 150.52
No improvement in iteration 36. No improvement count: 31
No improving move found, taking least bad move: (16, 22), solution cost: 150.52
No improvement in iteration 37. No improvement count: 32
No improving move found, taking least bad move: (17, 22), solution cost: 150.52
No improvement in iteration 38. No improvement count: 33
No improving move found, taking least bad move: (20, 22), solution cost: 150.52
No improvement in iteration 39. No improvement count: 34
No improving move found, taking least bad move: (-1, 22), solution cost: 150.52
No improvement in iteration 40. No improvement count: 35
No improving move found, taking least bad move: (24, 22), solution cost: 150.52
No improvement in iteration 41. No improvement count: 36
No improving move found, taking least bad move: (1, 17), solution cost: 150.40
No improvement in iteration 42. No improvement count: 37
No improving move found, taking least bad move: (2, 17), solution cost: 150.40
No improvement in iteration 43. No improvement count: 38
No improving move found, taking least bad move: (3, 17), solution cost: 150.40
No improvement in iteration 44. No improvement count: 39
No improving move found, taking least bad move: (4, 17), solution cost: 150.40
No improvement in iteration 45. No improvement count: 40
No improving move found, taking least bad move: (6, 17), solution cost: 150.40
No improvement in iteration 46. No improvement count: 41
No improving move found, taking least bad move: (8, 17), solution cost: 150.40
No improvement in iteration 47. No improvement count: 42
No improving move found, taking least bad move: (9, 17), solution cost: 150.40
No improvement in iteration 48. No improvement count: 43
No improving move found, taking least bad move: (12, 17), solution cost: 150.40
No improvement in iteration 49. No improvement count: 44
No improving move found, taking least bad move: (14, 17), solution cost: 150.40
No improvement in iteration 50. No improvement count: 45
No improving move found, taking least bad move: (15, 17), solution cost: 150.40
No improvement in iteration 51. No improvement count: 46
No improving move found, taking least bad move: (16, 17), solution cost: 150.40
No improvement in iteration 52. No improvement count: 47
No improving move found, taking least bad move: (-1, 17), solution cost: 150.40
No improvement in iteration 53. No improvement count: 48
No improving move found, taking least bad move: (20, 17), solution cost: 150.40
No improvement in iteration 54. No improvement count: 49
No improving move found, taking least bad move: (22, 17), solution cost: 150.40
No improvement in iteration 55. No improvement count: 50
No improving move found, taking least bad move: (24, 17), solution cost: 150.40
No improvement in iteration 56. No improvement count: 51
No improving move found, taking least bad move: (1, 15), solution cost: 150.08
No improvement in iteration 57. No improvement count: 52
No improving move found, taking least bad move: (2, 15), solution cost: 150.08
No improvement in iteration 58. No improvement count: 53
No improving move found, taking least bad move: (3, 15), solution cost: 150.08
No improvement in iteration 59. No improvement count: 54
No improving move found, taking least bad move: (4, 15), solution cost: 150.08
No improvement in iteration 60. No improvement count: 55
No improving move found, taking least bad move: (6, 15), solution cost: 150.08
No improvement in iteration 61. No improvement count: 56
No improving move found, taking least bad move: (8, 15), solution cost: 150.08
No improvement in iteration 62. No improvement count: 57
No improving move found, taking least bad move: (9, 15), solution cost: 150.08
No improvement in iteration 63. No improvement count: 58
No improving move found, taking least bad move: (12, 15), solution cost: 150.08
No improvement in iteration 64. No improvement count: 59
No improving move found, taking least bad move: (14, 15), solution cost: 150.08
No improvement in iteration 65. No improvement count: 60
No improving move found, taking least bad move: (-1, 15), solution cost: 150.08
No improvement in iteration 66. No improvement count: 61
No improving move found, taking least bad move: (16, 15), solution cost: 150.08
No improvement in iteration 67. No improvement count: 62
No improving move found, taking least bad move: (17, 15), solution cost: 150.08
No improvement in iteration 68. No improvement count: 63
No improving move found, taking least bad move: (20, 15), solution cost: 150.08
No improvement in iteration 69. No improvement count: 64
No improving move found, taking least bad move: (22, 15), solution cost: 150.08
No improvement in iteration 70. No improvement count: 65
No improving move found, taking least bad move: (24, 15), solution cost: 150.08
No improvement in iteration 71. No improvement count: 66
No improving move found, taking least bad move: (0, 6), solution cost: 149.98
No improvement in iteration 72. No improvement count: 67
No improving move found, taking least bad move: (10, 2), solution cost: 149.51
No improvement in iteration 73. No improvement count: 68
No improving move found, taking least bad move: (18, 2), solution cost: 148.36
No improvement in iteration 74. No improvement count: 69
No improving move found, taking least bad move: (1, 20), solution cost: 148.17
No improvement in iteration 75. No improvement count: 70
No improving move found, taking least bad move: (2, 20), solution cost: 148.17
No improvement in iteration 76. No improvement count: 71
No improving move found, taking least bad move: (3, 20), solution cost: 148.17
No improvement in iteration 77. No improvement count: 72
No improving move found, taking least bad move: (4, 20), solution cost: 148.17
No improvement in iteration 78. No improvement count: 73
No improving move found, taking least bad move: (6, 20), solution cost: 148.17
No improvement in iteration 79. No improvement count: 74
No improving move found, taking least bad move: (8, 20), solution cost: 148.17
No improvement in iteration 80. No improvement count: 75
No improving move found, taking least bad move: (9, 20), solution cost: 148.17
No improvement in iteration 81. No improvement count: 76
No improving move found, taking least bad move: (12, 20), solution cost: 148.17
No improvement in iteration 82. No improvement count: 77
No improving move found, taking least bad move: (14, 20), solution cost: 148.17
No improvement in iteration 83. No improvement count: 78
No improving move found, taking least bad move: (15, 20), solution cost: 148.17
No improvement in iteration 84. No improvement count: 79
No improving move found, taking least bad move: (16, 20), solution cost: 148.17
No improvement in iteration 85. No improvement count: 80
No improving move found, taking least bad move: (17, 20), solution cost: 148.17
No improvement in iteration 86. No improvement count: 81
No improving move found, taking least bad move: (-1, 20), solution cost: 148.17
No improvement in iteration 87. No improvement count: 82
No improving move found, taking least bad move: (22, 20), solution cost: 148.17
No improvement in iteration 88. No improvement count: 83
No improving move found, taking least bad move: (24, 20), solution cost: 148.17
No improvement in iteration 89. No improvement count: 84
No improving move found, taking least bad move: (21, -1), solution cost: 148.16
No improvement in iteration 90. No improvement count: 85
No improving move found, taking least bad move: (0, -1), solution cost: 148.04
No improvement in iteration 91. No improvement count: 86
No improving move found, taking least bad move: (23, 22), solution cost: 147.92
No improvement in iteration 92. No improvement count: 87
No improving move found, taking least bad move: (23, 17), solution cost: 147.80
No improvement in iteration 93. No improvement count: 88
No improving move found, taking least bad move: (23, 15), solution cost: 147.48
No improvement in iteration 94. No improvement count: 89
No improving move found, taking least bad move: (1, 2), solution cost: 147.36
No improvement in iteration 95. No improvement count: 90
No improving move found, taking least bad move: (-1, 2), solution cost: 147.36
No improvement in iteration 96. No improvement count: 91
No improving move found, taking least bad move: (3, 2), solution cost: 147.36
No improvement in iteration 97. No improvement count: 92
No improving move found, taking least bad move: (4, 2), solution cost: 147.36
No improvement in iteration 98. No improvement count: 93
No improving move found, taking least bad move: (6, 2), solution cost: 147.36
No improvement in iteration 99. No improvement count: 94
No improving move found, taking least bad move: (8, 2), solution cost: 147.36
No improvement in iteration 100. No improvement count: 95
No improving move found, taking least bad move: (9, 2), solution cost: 147.36
No improvement in iteration 101. No improvement count: 96
No improving move found, taking least bad move: (12, 2), solution cost: 147.36
No improvement in iteration 102. No improvement count: 97
No improving move found, taking least bad move: (14, 2), solution cost: 147.36
No improvement in iteration 103. No improvement count: 98
No improving move found, taking least bad move: (15, 2), solution cost: 147.36
No improvement in iteration 104. No improvement count: 99
No improving move found, taking least bad move: (16, 2), solution cost: 147.36
No improvement in iteration 105. No improvement count: 100
No improving move found, taking least bad move: (17, 2), solution cost: 147.36
No improvement in iteration 106. No improvement count: 101
No improving move found, taking least bad move: (20, 2), solution cost: 147.36
No improvement in iteration 107. No improvement count: 102
No improving move found, taking least bad move: (22, 2), solution cost: 147.36
No improvement in iteration 108. No improvement count: 103
No improving move found, taking least bad move: (24, 2), solution cost: 147.36
No improvement in iteration 109. No improvement count: 104
No improving move found, taking least bad move: (0, 22), solution cost: 147.18
No improvement in iteration 110. No improvement count: 105
No improving move found, taking least bad move: (18, 22), solution cost: 146.08
No improvement in iteration 111. No improvement count: 106
No improving move found, taking least bad move: (18, 17), solution cost: 145.96
No improvement in iteration 112. No improvement count: 107
No improving move found, taking least bad move: (18, 15), solution cost: 145.64
No improvement in iteration 113. No improvement count: 108
No improving move found, taking least bad move: (23, 20), solution cost: 145.57
No improvement in iteration 114. No improvement count: 109
No improving move found, taking least bad move: (10, 22), solution cost: 145.40
No improvement in iteration 115. No improvement count: 110
No improving move found, taking least bad move: (10, 17), solution cost: 145.28
No improvement in iteration 116. No improvement count: 111
No improving move found, taking least bad move: (10, 15), solution cost: 144.96
No improvement in iteration 117. No improvement count: 112
No improving move found, taking least bad move: (23, 2), solution cost: 144.76
No improvement in iteration 118. No improvement count: 113
No improving move found, taking least bad move: (0, 2), solution cost: 144.53
No improvement in iteration 119. No improvement count: 114
No improving move found, taking least bad move: (21, 6), solution cost: 144.26
No improvement in iteration 120. No improvement count: 115
No improving move found, taking least bad move: (18, 20), solution cost: 143.73
No improvement in iteration 121. No improvement count: 116
No improving move found, taking least bad move: (5, 6), solution cost: 143.63
No improvement in iteration 122. No improvement count: 117
No improving move found, taking least bad move: (10, 20), solution cost: 143.05
No improvement in iteration 123. No improvement count: 118
No improving move found, taking least bad move: (0, 17), solution cost: 142.01
No improvement in iteration 124. No improvement count: 119
No improving move found, taking least bad move: (10, 6), solution cost: 141.92
No improvement in iteration 125. No improvement count: 120
No improving move found, taking least bad move: (0, 20), solution cost: 140.97
No improvement in iteration 126. No improvement count: 121
No improving move found, taking least bad move: (21, 22), solution cost: 140.67
No improvement in iteration 127. No improvement count: 122
No improving move found, taking least bad move: (21, 17), solution cost: 140.55
No improvement in iteration 128. No improvement count: 123
No improving move found, taking least bad move: (21, 15), solution cost: 140.23
No improvement in iteration 129. No improvement count: 124
No improving move found, taking least bad move: (1, 12), solution cost: 140.18
No improvement in iteration 130. No improvement count: 125
No improving move found, taking least bad move: (2, 12), solution cost: 140.18
No improvement in iteration 131. No improvement count: 126
No improving move found, taking least bad move: (3, 12), solution cost: 140.18
No improvement in iteration 132. No improvement count: 127
No improving move found, taking least bad move: (4, 12), solution cost: 140.18
No improvement in iteration 133. No improvement count: 128
No improving move found, taking least bad move: (6, 12), solution cost: 140.18
No improvement in iteration 134. No improvement count: 129
No improving move found, taking least bad move: (8, 12), solution cost: 140.18
No improvement in iteration 135. No improvement count: 130
No improving move found, taking least bad move: (9, 12), solution cost: 140.18
No improvement in iteration 136. No improvement count: 131
No improving move found, taking least bad move: (-1, 12), solution cost: 140.18
No improvement in iteration 137. No improvement count: 132
No improving move found, taking least bad move: (14, 12), solution cost: 140.18
No improvement in iteration 138. No improvement count: 133
No improving move found, taking least bad move: (15, 12), solution cost: 140.18
No improvement in iteration 139. No improvement count: 134
No improving move found, taking least bad move: (16, 12), solution cost: 140.18
No improvement in iteration 140. No improvement count: 135
No improving move found, taking least bad move: (17, 12), solution cost: 140.18
No improvement in iteration 141. No improvement count: 136
No improving move found, taking least bad move: (20, 12), solution cost: 140.18
No improvement in iteration 142. No improvement count: 137
No improving move found, taking least bad move: (22, 12), solution cost: 140.18
No improvement in iteration 143. No improvement count: 138
No improving move found, taking least bad move: (24, 12), solution cost: 140.18
No improvement in iteration 144. No improvement count: 139
No improving move found, taking least bad move: (5, 15), solution cost: 139.14
No improvement in iteration 145. No improvement count: 140
No improving move found, taking least bad move: (5, -1), solution cost: 138.42
No improvement in iteration 146. No improvement count: 141
No improving move found, taking least bad move: (21, 20), solution cost: 138.32
No improvement in iteration 147. No improvement count: 142
No improving move found, taking least bad move: (23, 12), solution cost: 137.58
No improvement in iteration 148. No improvement count: 143
No improving move found, taking least bad move: (5, 2), solution cost: 137.24
No improvement in iteration 149. No improvement count: 144
No improving move found, taking least bad move: (19, -1), solution cost: 136.67
No improvement in iteration 150. No improvement count: 145
No improving move found, taking least bad move: (1, 9), solution cost: 136.65
No improvement in iteration 151. No improvement count: 146
No improving move found, taking least bad move: (2, 9), solution cost: 136.65
No improvement in iteration 152. No improvement count: 147
No improving move found, taking least bad move: (3, 9), solution cost: 136.65
No improvement in iteration 153. No improvement count: 148
No improving move found, taking least bad move: (4, 9), solution cost: 136.65
No improvement in iteration 154. No improvement count: 149
No improving move found, taking least bad move: (6, 9), solution cost: 136.65
No improvement in iteration 155. No improvement count: 150
No improving move found, taking least bad move: (8, 9), solution cost: 136.65
No improvement in iteration 156. No improvement count: 151
No improving move found, taking least bad move: (-1, 9), solution cost: 136.65
No improvement in iteration 157. No improvement count: 152
No improving move found, taking least bad move: (12, 9), solution cost: 136.65
No improvement in iteration 158. No improvement count: 153
No improving move found, taking least bad move: (14, 9), solution cost: 136.65
No improvement in iteration 159. No improvement count: 154
No improving move found, taking least bad move: (15, 9), solution cost: 136.65
No improvement in iteration 160. No improvement count: 155
No improving move found, taking least bad move: (16, 9), solution cost: 136.65
No improvement in iteration 161. No improvement count: 156
No improving move found, taking least bad move: (17, 9), solution cost: 136.65
No improvement in iteration 162. No improvement count: 157
No improving move found, taking least bad move: (20, 9), solution cost: 136.65
No improvement in iteration 163. No improvement count: 158
No improving move found, taking least bad move: (22, 9), solution cost: 136.65
No improvement in iteration 164. No improvement count: 159
No improving move found, taking least bad move: (24, 9), solution cost: 136.65
No improvement in iteration 165. No improvement count: 160
No improving move found, taking least bad move: (1, 16), solution cost: 135.89
No improvement in iteration 166. No improvement count: 161
No improving move found, taking least bad move: (2, 16), solution cost: 135.89
No improvement in iteration 167. No improvement count: 162
No improving move found, taking least bad move: (3, 16), solution cost: 135.89
No improvement in iteration 168. No improvement count: 163
No improving move found, taking least bad move: (4, 16), solution cost: 135.89
No improvement in iteration 169. No improvement count: 164
No improving move found, taking least bad move: (6, 16), solution cost: 135.89
No improvement in iteration 170. No improvement count: 165
No improving move found, taking least bad move: (8, 16), solution cost: 135.89
No improvement in iteration 171. No improvement count: 166
No improving move found, taking least bad move: (9, 16), solution cost: 135.89
No improvement in iteration 172. No improvement count: 167
No improving move found, taking least bad move: (12, 16), solution cost: 135.89
No improvement in iteration 173. No improvement count: 168
No improving move found, taking least bad move: (14, 16), solution cost: 135.89
No improvement in iteration 174. No improvement count: 169
No improving move found, taking least bad move: (15, 16), solution cost: 135.89
No improvement in iteration 175. No improvement count: 170
No improving move found, taking least bad move: (-1, 16), solution cost: 135.89
No improvement in iteration 176. No improvement count: 171
No improving move found, taking least bad move: (17, 16), solution cost: 135.89
No improvement in iteration 177. No improvement count: 172
No improving move found, taking least bad move: (20, 16), solution cost: 135.89
No improvement in iteration 178. No improvement count: 173
No improving move found, taking least bad move: (22, 16), solution cost: 135.89
No improvement in iteration 179. No improvement count: 174
No improving move found, taking least bad move: (24, 16), solution cost: 135.89
No improvement in iteration 180. No improvement count: 175
No improving move found, taking least bad move: (18, 12), solution cost: 135.74
No improvement in iteration 181. No improvement count: 176
No improving move found, taking least bad move: (19, 2), solution cost: 135.52
No improvement in iteration 182. No improvement count: 177
No improving move found, taking least bad move: (21, 2), solution cost: 135.50
No improvement in iteration 183. No improvement count: 178
No improving move found, taking least bad move: (11, -1), solution cost: 134.59
No improvement in iteration 184. No improvement count: 179
No improving move found, taking least bad move: (23, 9), solution cost: 134.05
No improvement in iteration 185. No improvement count: 180
No improving move found, taking least bad move: (5, 17), solution cost: 133.39
No improvement in iteration 186. No improvement count: 181
No improving move found, taking least bad move: (23, 16), solution cost: 133.29
No improvement in iteration 187. No improvement count: 182
No improving move found, taking least bad move: (19, 6), solution cost: 132.77
No improvement in iteration 188. No improvement count: 183
No improving move found, taking least bad move: (0, 15), solution cost: 132.62
No improvement in iteration 189. No improvement count: 184
No improving move found, taking least bad move: (0, 9), solution cost: 132.48
No improvement in iteration 190. No improvement count: 185
No improving move found, taking least bad move: (10, 12), solution cost: 132.43
No improvement in iteration 191. No improvement count: 186
No improving move found, taking least bad move: (18, 9), solution cost: 132.21
No improvement in iteration 192. No improvement count: 187
No improving move found, taking least bad move: (11, 2), solution cost: 132.02
No improvement in iteration 193. No improvement count: 188
No improving move found, taking least bad move: (18, 16), solution cost: 131.45
No improvement in iteration 194. No improvement count: 189
No improving move found, taking least bad move: (5, 22), solution cost: 130.93
No improvement in iteration 195. No improvement count: 190
No improving move found, taking least bad move: (10, 16), solution cost: 130.77
No improvement in iteration 196. No improvement count: 191
No improving move found, taking least bad move: (11, 6), solution cost: 130.58
No improvement in iteration 197. No improvement count: 192
No improving move found, taking least bad move: (0, 12), solution cost: 130.55
No improvement in iteration 198. No improvement count: 193
No improving move found, taking least bad move: (21, 12), solution cost: 130.33
No improvement in iteration 199. No improvement count: 194
No improving move found, taking least bad move: (1, 8), solution cost: 129.55
No improvement in iteration 200. No improvement count: 195
No improving move found, taking least bad move: (2, 8), solution cost: 129.55
No improvement in iteration 201. No improvement count: 196
No improving move found, taking least bad move: (3, 8), solution cost: 129.55
No improvement in iteration 202. No improvement count: 197
No improving move found, taking least bad move: (4, 8), solution cost: 129.55
No improvement in iteration 203. No improvement count: 198
No improving move found, taking least bad move: (6, 8), solution cost: 129.55
No improvement in iteration 204. No improvement count: 199
No improving move found, taking least bad move: (-1, 8), solution cost: 129.55
No improvement in iteration 205. No improvement count: 200
No improving move found, taking least bad move: (9, 8), solution cost: 129.55
No improvement in iteration 206. No improvement count: 201
No improving move found, taking least bad move: (12, 8), solution cost: 129.55
No improvement in iteration 207. No improvement count: 202
No improving move found, taking least bad move: (14, 8), solution cost: 129.55
No improvement in iteration 208. No improvement count: 203
No improving move found, taking least bad move: (15, 8), solution cost: 129.55
No improvement in iteration 209. No improvement count: 204
No improving move found, taking least bad move: (16, 8), solution cost: 129.55
No improvement in iteration 210. No improvement count: 205
No improving move found, taking least bad move: (17, 8), solution cost: 129.55
No improvement in iteration 211. No improvement count: 206
No improving move found, taking least bad move: (20, 8), solution cost: 129.55
No improvement in iteration 212. No improvement count: 207
No improving move found, taking least bad move: (22, 8), solution cost: 129.55
No improvement in iteration 213. No improvement count: 208
No improving move found, taking least bad move: (24, 8), solution cost: 129.55
No improvement in iteration 214. No improvement count: 209
No improving move found, taking least bad move: (10, 9), solution cost: 129.27
No improvement in iteration 215. No improvement count: 210
No improving move found, taking least bad move: (19, 22), solution cost: 129.18
No improvement in iteration 216. No improvement count: 211
No improving move found, taking least bad move: (19, 17), solution cost: 129.06
No improvement in iteration 217. No improvement count: 212
No improving move found, taking least bad move: (19, 15), solution cost: 128.74
No improvement in iteration 218. No improvement count: 213
No improving move found, taking least bad move: (5, 20), solution cost: 128.58
No improvement in iteration 219. No improvement count: 214
No improving move found, taking least bad move: (11, 22), solution cost: 127.10
No improvement in iteration 220. No improvement count: 215
No improving move found, taking least bad move: (11, 17), solution cost: 126.98
No improvement in iteration 221. No improvement count: 216
No improving move found, taking least bad move: (23, 8), solution cost: 126.95
No improvement in iteration 222. No improvement count: 217
No improving move found, taking least bad move: (13, 6), solution cost: 126.92
No improvement in iteration 223. No improvement count: 218
No improving move found, taking least bad move: (0, 8), solution cost: 126.88
No improvement in iteration 224. No improvement count: 219
No improving move found, taking least bad move: (19, 20), solution cost: 126.83
No improvement in iteration 225. No improvement count: 220
No improving move found, taking least bad move: (21, 9), solution cost: 126.80
No improvement in iteration 226. No improvement count: 221
No improving move found, taking least bad move: (11, 15), solution cost: 126.66
No improvement in iteration 227. No improvement count: 222
No improving move found, taking least bad move: (21, 16), solution cost: 126.04
No improvement in iteration 228. No improvement count: 223
No improving move found, taking least bad move: (-1, 1), solution cost: 126.00
No improvement in iteration 229. No improvement count: 224
No improving move found, taking least bad move: (2, 1), solution cost: 126.00
No improvement in iteration 230. No improvement count: 225
No improving move found, taking least bad move: (3, 1), solution cost: 126.00
No improvement in iteration 231. No improvement count: 226
No improving move found, taking least bad move: (4, 1), solution cost: 126.00
No improvement in iteration 232. No improvement count: 227
No improving move found, taking least bad move: (6, 1), solution cost: 126.00
No improvement in iteration 233. No improvement count: 228
No improving move found, taking least bad move: (8, 1), solution cost: 126.00
No improvement in iteration 234. No improvement count: 229
No improving move found, taking least bad move: (9, 1), solution cost: 126.00
No improvement in iteration 235. No improvement count: 230
No improving move found, taking least bad move: (12, 1), solution cost: 126.00
No improvement in iteration 236. No improvement count: 231
No improving move found, taking least bad move: (14, 1), solution cost: 126.00
No improvement in iteration 237. No improvement count: 232
No improving move found, taking least bad move: (15, 1), solution cost: 126.00
No improvement in iteration 238. No improvement count: 233
No improving move found, taking least bad move: (16, 1), solution cost: 126.00
No improvement in iteration 239. No improvement count: 234
No improving move found, taking least bad move: (17, 1), solution cost: 126.00
No improvement in iteration 240. No improvement count: 235
No improving move found, taking least bad move: (20, 1), solution cost: 126.00
No improvement in iteration 241. No improvement count: 236
No improving move found, taking least bad move: (22, 1), solution cost: 126.00
No improvement in iteration 242. No improvement count: 237
No improving move found, taking least bad move: (23, 1), solution cost: 126.00
No improvement in iteration 243. No improvement count: 238
No improving move found, taking least bad move: (24, 1), solution cost: 126.00
No improvement in iteration 244. No improvement count: 239
No improving move found, taking least bad move: (18, 8), solution cost: 125.11
No improvement in iteration 245. No improvement count: 240
No improving move found, taking least bad move: (11, 20), solution cost: 124.75
No improvement in iteration 246. No improvement count: 241
No improving move found, taking least bad move: (21, 1), solution cost: 123.63
No improvement in iteration 247. No improvement count: 242
No improving move found, taking least bad move: (13, -1), solution cost: 123.58
No improvement in iteration 248. No improvement count: 243
No improving move found, taking least bad move: (5, 9), solution cost: 121.64
No improvement in iteration 249. No improvement count: 244
No improving move found, taking least bad move: (11, 9), solution cost: 121.16
No improvement in iteration 250. No improvement count: 245
No improving move found, taking least bad move: (13, 2), solution cost: 120.97
No improvement in iteration 251. No improvement count: 246
No improving move found, taking least bad move: (21, 8), solution cost: 119.70
No improvement in iteration 252. No improvement count: 247
No improving move found, taking least bad move: (10, 8), solution cost: 119.40
No improvement in iteration 253. No improvement count: 248
No improving move found, taking least bad move: (19, 12), solution cost: 118.84
No improvement in iteration 254. No improvement count: 249
No improving move found, taking least bad move: (10, 1), solution cost: 118.58
No improvement in iteration 255. No improvement count: 250
No improving move found, taking least bad move: (5, 12), solution cost: 117.90
No improvement in iteration 256. No improvement count: 251
No improving move found, taking least bad move: (0, 16), solution cost: 116.65
No improvement in iteration 257. No improvement count: 252
No improving move found, taking least bad move: (13, 22), solution cost: 116.09
No improvement in iteration 258. No improvement count: 253
No improving move found, taking least bad move: (13, 17), solution cost: 115.97
No improvement in iteration 259. No improvement count: 254
No improving move found, taking least bad move: (13, 15), solution cost: 115.65
No improvement in iteration 260. No improvement count: 255
No improving move found, taking least bad move: (5, 1), solution cost: 115.45
No improvement in iteration 261. No improvement count: 256
No improving move found, taking least bad move: (19, 9), solution cost: 115.31
No improvement in iteration 262. No improvement count: 257
No improving move found, taking least bad move: (11, 8), solution cost: 114.92
No improvement in iteration 263. No improvement count: 258
No improving move found, taking least bad move: (19, 16), solution cost: 114.55
No improvement in iteration 264. No improvement count: 259
No improving move found, taking least bad move: (18, 1), solution cost: 114.39
No improvement in iteration 265. No improvement count: 260
No improving move found, taking least bad move: (13, 20), solution cost: 113.74
No improvement in iteration 266. No improvement count: 261
No improving move found, taking least bad move: (10, 3), solution cost: 113.32
No improvement in iteration 267. No improvement count: 262
No improving move found, taking least bad move: (18, 4), solution cost: 113.15
No improvement in iteration 268. No improvement count: 263
No improving move found, taking least bad move: (11, 16), solution cost: 112.47
No improvement in iteration 269. No improvement count: 264
No improving move found, taking least bad move: (11, 12), solution cost: 112.07
No improvement in iteration 270. No improvement count: 265
No improving move found, taking least bad move: (10, 4), solution cost: 111.08
No improvement in iteration 271. No improvement count: 266
No improving move found, taking least bad move: (13, 9), solution cost: 111.04
No improvement in iteration 272. No improvement count: 267
No improving move found, taking least bad move: (1, 3), solution cost: 110.04
No improvement in iteration 273. No improvement count: 268
No improving move found, taking least bad move: (2, 3), solution cost: 110.04
No improvement in iteration 274. No improvement count: 269
No improving move found, taking least bad move: (-1, 3), solution cost: 110.04
No improvement in iteration 275. No improvement count: 270
No improving move found, taking least bad move: (4, 3), solution cost: 110.04
No improvement in iteration 276. No improvement count: 271
No improving move found, taking least bad move: (6, 3), solution cost: 110.04
No improvement in iteration 277. No improvement count: 272
No improving move found, taking least bad move: (8, 3), solution cost: 110.04
No improvement in iteration 278. No improvement count: 273
No improving move found, taking least bad move: (9, 3), solution cost: 110.04
No improvement in iteration 279. No improvement count: 274
No improving move found, taking least bad move: (12, 3), solution cost: 110.04
No improvement in iteration 280. No improvement count: 275
No improving move found, taking least bad move: (14, 3), solution cost: 110.04
No improvement in iteration 281. No improvement count: 276
No improving move found, taking least bad move: (15, 3), solution cost: 110.04
No improvement in iteration 282. No improvement count: 277
No improving move found, taking least bad move: (16, 3), solution cost: 110.04
No improvement in iteration 283. No improvement count: 278
No improving move found, taking least bad move: (17, 3), solution cost: 110.04
No improvement in iteration 284. No improvement count: 279
No improving move found, taking least bad move: (20, 3), solution cost: 110.04
No improvement in iteration 285. No improvement count: 280
No improving move found, taking least bad move: (22, 3), solution cost: 110.04
No improvement in iteration 286. No improvement count: 281
No improving move found, taking least bad move: (24, 3), solution cost: 110.04
No improvement in iteration 287. No improvement count: 282
No improving move found, taking least bad move: (1, 4), solution cost: 109.98
No improvement in iteration 288. No improvement count: 283
No improving move found, taking least bad move: (2, 4), solution cost: 109.98
No improvement in iteration 289. No improvement count: 284
No improving move found, taking least bad move: (3, 4), solution cost: 109.98
No improvement in iteration 290. No improvement count: 285
No improving move found, taking least bad move: (-1, 4), solution cost: 109.98
No improvement in iteration 291. No improvement count: 286
No improving move found, taking least bad move: (6, 4), solution cost: 109.98
No improvement in iteration 292. No improvement count: 287
No improving move found, taking least bad move: (8, 4), solution cost: 109.98
No improvement in iteration 293. No improvement count: 288
No improving move found, taking least bad move: (9, 4), solution cost: 109.98
No improvement in iteration 294. No improvement count: 289
No improving move found, taking least bad move: (12, 4), solution cost: 109.98
No improvement in iteration 295. No improvement count: 290
No improving move found, taking least bad move: (14, 4), solution cost: 109.98
No improvement in iteration 296. No improvement count: 291
No improving move found, taking least bad move: (15, 4), solution cost: 109.98
No improvement in iteration 297. No improvement count: 292
No improving move found, taking least bad move: (16, 4), solution cost: 109.98
No improvement in iteration 298. No improvement count: 293
No improving move found, taking least bad move: (17, 4), solution cost: 109.98
No improvement in iteration 299. No improvement count: 294
No improving move found, taking least bad move: (20, 4), solution cost: 109.98
No improvement in iteration 300. No improvement count: 295
No improving move found, taking least bad move: (22, 4), solution cost: 109.98
No improvement in iteration 301. No improvement count: 296
No improving move found, taking least bad move: (24, 4), solution cost: 109.98
No improvement in iteration 302. No improvement count: 297
No improving move found, taking least bad move: (19, 1), solution cost: 109.21
No improvement in iteration 303. No improvement count: 298
No improving move found, taking least bad move: (7, 6), solution cost: 108.53
No improvement in iteration 304. No improvement count: 299
No improving move found, taking least bad move: (19, 8), solution cost: 108.21
No improvement in iteration 305. No improvement count: 300
No improving move found, taking least bad move: (5, 16), solution cost: 107.68
No improvement in iteration 306. No improvement count: 301
No improving move found, taking least bad move: (23, 3), solution cost: 107.44
No improvement in iteration 307. No improvement count: 302
No improving move found, taking least bad move: (23, 4), solution cost: 107.38
No improvement in iteration 308. No improvement count: 303
No improving move found, taking least bad move: (5, 8), solution cost: 107.36
No improvement in iteration 309. No improvement count: 304
No improving move found, taking least bad move: (0, 1), solution cost: 106.84
No improvement in iteration 310. No improvement count: 305
No improving move found, taking least bad move: (11, 1), solution cost: 106.69
No improvement in iteration 311. No improvement count: 306
No improving move found, taking least bad move: (13, 12), solution cost: 105.75
No improvement in iteration 312. No improvement count: 307
No improving move found, taking least bad move: (7, 17), solution cost: 105.70
No improvement in iteration 313. No improvement count: 308
No improving move found, taking least bad move: (21, 3), solution cost: 104.57
No improvement in iteration 314. No improvement count: 309
No improving move found, taking least bad move: (7, -1), solution cost: 104.31
No improvement in iteration 315. No improvement count: 310
No improving move found, taking least bad move: (13, 16), solution cost: 101.46
No improvement in iteration 316. No improvement count: 311
No improving move found, taking least bad move: (21, 4), solution cost: 100.13
No improvement in iteration 317. No improvement count: 312
No improving move found, taking least bad move: (0, 4), solution cost: 99.04
No improvement in iteration 318. No improvement count: 313
No improving move found, taking least bad move: (13, 8), solution cost: 98.08
No improvement in iteration 319. No improvement count: 314
No improving move found, taking least bad move: (7, 2), solution cost: 97.85
No improvement in iteration 320. No improvement count: 315
No improving move found, taking least bad move: (18, 3), solution cost: 96.94
No improvement in iteration 321. No improvement count: 316
No improving move found, taking least bad move: (7, 22), solution cost: 96.82
No improvement in iteration 322. No improvement count: 317
No improving move found, taking least bad move: (7, 15), solution cost: 96.34
No improvement in iteration 323. No improvement count: 318
No improving move found, taking least bad move: (19, 4), solution cost: 95.00
No improvement in iteration 324. No improvement count: 319
No improving move found, taking least bad move: (7, 20), solution cost: 94.47
No improvement in iteration 325. No improvement count: 320
No improving move found, taking least bad move: (7, 12), solution cost: 94.21
No improvement in iteration 326. No improvement count: 321
No improving move found, taking least bad move: (0, 3), solution cost: 91.28
No improvement in iteration 327. No improvement count: 322
No improving move found, taking least bad move: (19, 3), solution cost: 89.63
No improvement in iteration 328. No improvement count: 323
No improving move found, taking least bad move: (7, 16), solution cost: 88.78
No improvement in iteration 329. No improvement count: 324
No improving move found, taking least bad move: (13, 1), solution cost: 88.45
No improvement in iteration 330. No improvement count: 325
No improving move found, taking least bad move: (7, 9), solution cost: 87.50
No improvement in iteration 331. No improvement count: 326
No improving move found, taking least bad move: (11, 3), solution cost: 86.68
No improvement in iteration 332. No improvement count: 327
No improving move found, taking least bad move: (5, 4), solution cost: 84.44
No improvement in iteration 333. No improvement count: 328
No improving move found, taking least bad move: (5, 3), solution cost: 83.86
No improvement in iteration 334. No improvement count: 329
No improving move found, taking least bad move: (13, 4), solution cost: 81.96
No improvement in iteration 335. No improvement count: 330
No improving move found, taking least bad move: (7, 1), solution cost: 80.41
No improvement in iteration 336. No improvement count: 331
No improving move found, taking least bad move: (13, 3), solution cost: 79.69
No improvement in iteration 337. No improvement count: 332
No improving move found, taking least bad move: (11, 4), solution cost: 77.36
No improvement in iteration 338. No improvement count: 333
No improving move found, taking least bad move: (7, 8), solution cost: 74.12
No improvement in iteration 339. No improvement count: 334
No improving move found, taking least bad move: (7, 4), solution cost: 59.66
No improvement in iteration 340. No improvement count: 335
No improving move found, taking least bad move: (7, 3), solution cost: 49.32
No improvement in iteration 341. No improvement count: 336
No improving move found, taking least bad move: (0, 14), solution cost: -inf
No improvement in iteration 342. No improvement count: 337
No improving move found, taking least bad move: (1, 14), solution cost: -inf
No improvement in iteration 343. No improvement count: 338
No improving move found, taking least bad move: (2, 14), solution cost: -inf
No improvement in iteration 344. No improvement count: 339
No improving move found, taking least bad move: (3, 14), solution cost: -inf
No improvement in iteration 345. No improvement count: 340
No improving move found, taking least bad move: (4, 14), solution cost: -inf
No improvement in iteration 346. No improvement count: 341
No improving move found, taking least bad move: (5, 14), solution cost: -inf
No improvement in iteration 347. No improvement count: 342
No improving move found, taking least bad move: (6, 14), solution cost: -inf
No improvement in iteration 348. No improvement count: 343
No improving move found, taking least bad move: (7, 14), solution cost: -inf
No improvement in iteration 349. No improvement count: 344
No improving move found, taking least bad move: (8, 14), solution cost: -inf
No improvement in iteration 350. No improvement count: 345
No improving move found, taking least bad move: (9, 14), solution cost: -inf
No improvement in iteration 351. No improvement count: 346
No improving move found, taking least bad move: (10, 14), solution cost: -inf
No improvement in iteration 352. No improvement count: 347
No improving move found, taking least bad move: (11, 14), solution cost: -inf
No improvement in iteration 353. No improvement count: 348
No improving move found, taking least bad move: (12, 14), solution cost: -inf
No improvement in iteration 354. No improvement count: 349
No improving move found, taking least bad move: (13, 14), solution cost: -inf
No improvement in iteration 355. No improvement count: 350
No improving move found, taking least bad move: (-1, 14), solution cost: -inf
No improvement in iteration 356. No improvement count: 351
No improving move found, taking least bad move: (15, 14), solution cost: -inf
No improvement in iteration 357. No improvement count: 352
No improving move found, taking least bad move: (16, 14), solution cost: -inf
No improvement in iteration 358. No improvement count: 353
No improving move found, taking least bad move: (17, 14), solution cost: -inf
No improvement in iteration 359. No improvement count: 354
No improving move found, taking least bad move: (18, 14), solution cost: -inf
No improvement in iteration 360. No improvement count: 355
No improving move found, taking least bad move: (19, 14), solution cost: -inf
No improvement in iteration 361. No improvement count: 356
No improving move found, taking least bad move: (20, 14), solution cost: -inf
No improvement in iteration 362. No improvement count: 357
No improving move found, taking least bad move: (21, 14), solution cost: -inf
No improvement in iteration 363. No improvement count: 358
No improving move found, taking least bad move: (22, 14), solution cost: -inf
No improvement in iteration 364. No improvement count: 359
No improving move found, taking least bad move: (23, 14), solution cost: -inf
No improvement in iteration 365. No improvement count: 360
No improving move found, taking least bad move: (24, 14), solution cost: -inf
No improvement in iteration 366. No improvement count: 361
Traceback (most recent call last):
  File "C:\Users\tonio\MO824\A3\MC859-A3-G03 - Copia (3)\main.py", line 55, in <module>
    main()
  File "C:\Users\tonio\MO824\A3\MC859-A3-G03 - Copia (3)\main.py", line 48, in main
    solution = solver.solve()
               ^^^^^^^^^^^^^^
  File "C:\Users\tonio\MO824\A3\MC859-A3-G03 - Copia (3)\TabuSearch\metaheuristics\AbstractTS.py", line 254, in solve
    self.neighborhood_move()
  File "C:\Users\tonio\MO824\A3\MC859-A3-G03 - Copia (3)\TabuSearch\metaheuristics\TS.py", line 302, in neighborhood_move
    best_candidate, move = self.local_search_best(neighborhood)
                           ^^^^^^^^^^^^^^^^^^^^^^^^^^^^^^^^^^^^
  File "C:\Users\tonio\MO824\A3\MC859-A3-G03 - Copia (3)\TabuSearch\metaheuristics\TS.py", line 238, in local_search_best
    print(f'No improving move found, taking least bad move: {move}, solution cost: {least_bad.cost if least_bad else "N/A":.2f}')
                                                                                   ^^^^^^^^^^^^^^^^^^^^^^^^^^^^^^^^^^^^^^^^^^^^
ValueError: Unknown format code 'f' for object of type 'str'

--- Finished in 5.35 seconds ---
